#-----------------------------------------------------------
# Vivado v2017.1 (64-bit)
# SW Build 1846317 on Fri Apr 14 18:55:03 MDT 2017
# IP Build 1846188 on Fri Apr 14 20:52:08 MDT 2017
# Start of session at: Mon Nov 26 12:42:42 2018
# Process ID: 16132
# Current directory: C:/Users/bwedemir/Desktop/ECE4261Project/ECE4261_Project-UDP2018-11-26/ECE4261_Project-UDP
# Command line: vivado.exe -gui_launcher_event rodinguilauncherevent5040 C:\Users\bwedemir\Desktop\ECE4261Project\ECE4261_Project-UDP2018-11-26\ECE4261_Project-UDP\Project_V0.2.xpr
# Log file: C:/Users/bwedemir/Desktop/ECE4261Project/ECE4261_Project-UDP2018-11-26/ECE4261_Project-UDP/vivado.log
# Journal file: C:/Users/bwedemir/Desktop/ECE4261Project/ECE4261_Project-UDP2018-11-26/ECE4261_Project-UDP\vivado.jou
#-----------------------------------------------------------
start_gui
open_project C:/Users/bwedemir/Desktop/ECE4261Project/ECE4261_Project-UDP2018-11-26/ECE4261_Project-UDP/Project_V0.2.xpr
INFO: [ProjectBase 1-489] The host OS only allows 260 characters in a normal path. The project is stored in a path with more than 80 characters. If you experience issues with IP, Block Designs, or files not being found, please consider moving the project to a location with a shorter path. Alternately consider using the OS subst command to map part of the path to a drive letter.
Current project path is 'C:/Users/bwedemir/Desktop/ECE4261Project/ECE4261_Project-UDP2018-11-26/ECE4261_Project-UDP'
INFO: [Project 1-313] Project file moved from 'C:/Users/bwedemir/Desktop/ECE4261Project/ECE4261_Project-UDP' since last save.
Scanning sources...
Finished scanning sources
INFO: [filemgmt 56-1] IP Repository Path: Directory not found as 'C:/Users/bwedemir/Desktop/ECE4261Project/ECE4261_Project-UDP2018-11-26/vivado-library-2018.2-1'; using path 'C:/Users/bwedemir/Desktop/ECE4261Project/vivado-library-2018.2-1' instead.
INFO: [filemgmt 56-1] IPUserFilesDir: Directory not found as 'C:/Users/bwedemir/Desktop/ECE4261Project/Desktop/Project_V0.2/Project_V0.2.ip_user_files'; using path 'C:/Users/bwedemir/Desktop/Desktop/Project_V0.2/Project_V0.2.ip_user_files' instead.
INFO: [IP_Flow 19-234] Refreshing IP repositories
WARNING: [IP_Flow 19-395] Problem validating against XML schema: see 'xilinx:valuePermission' : Unexpected attribute
CRITICAL WARNING: [IP_Flow 19-1977] Unable to read IP file c:/Users/bwedemir/Desktop/ECE4261Project/vivado-library-2018.2-1/vivado-library/ip/Pmods/PmodESP32_v1_0/component.xml. This IP will not be included in the IP Catalog.
WARNING: [IP_Flow 19-395] Problem validating against XML schema: see 'xilinx:valuePermission' : Unexpected attribute
WARNING: [IP_Flow 19-395] Problem validating against XML schema: see 'xilinx:valuePermission' : Unexpected attribute
INFO: [IP_Flow 19-1700] Loaded user IP repository 'c:/Users/bwedemir/Desktop/ECE4261Project/vivado-library-2018.2-1'.
INFO: [IP_Flow 19-2313] Loaded Vivado IP repository 'C:/Xilinx2017.1/Vivado/2017.1/data/ip'.
open_project: Time (s): cpu = 00:00:13 ; elapsed = 00:00:28 . Memory (MB): peak = 844.152 ; gain = 144.898
update_compile_order -fileset sources_1
make_wrapper -files [get_files C:/Users/bwedemir/Desktop/ECE4261Project/ECE4261_Project-UDP2018-11-26/ECE4261_Project-UDP/Project_V0.2.srcs/sources_1/bd/design_1/design_1.bd] -top
reset_run synth_1
launch_runs impl_1 -to_step write_bitstream -jobs 4
[Mon Nov 26 12:44:11 2018] Launched synth_1...
Run output will be captured here: C:/Users/bwedemir/Desktop/ECE4261Project/ECE4261_Project-UDP2018-11-26/ECE4261_Project-UDP/Project_V0.2.runs/synth_1/runme.log
[Mon Nov 26 12:44:11 2018] Launched impl_1...
Run output will be captured here: C:/Users/bwedemir/Desktop/ECE4261Project/ECE4261_Project-UDP2018-11-26/ECE4261_Project-UDP/Project_V0.2.runs/impl_1/runme.log
open_run impl_1
INFO: [Netlist 29-17] Analyzing 26 Unisim elements for replacement
INFO: [Netlist 29-28] Unisim Transformation completed in 0 CPU seconds
INFO: [Project 1-479] Netlist was created with Vivado 2017.1
INFO: [Device 21-403] Loading part xc7z010clg400-1
INFO: [Project 1-570] Preparing netlist for logic optimization
Parsing XDC File [C:/Users/bwedemir/Desktop/ECE4261Project/ECE4261_Project-UDP2018-11-26/ECE4261_Project-UDP/.Xil/Vivado-16132-FRECE-ITB205-09/dcp9/design_1_wrapper_board.xdc]
Finished Parsing XDC File [C:/Users/bwedemir/Desktop/ECE4261Project/ECE4261_Project-UDP2018-11-26/ECE4261_Project-UDP/.Xil/Vivado-16132-FRECE-ITB205-09/dcp9/design_1_wrapper_board.xdc]
Parsing XDC File [C:/Users/bwedemir/Desktop/ECE4261Project/ECE4261_Project-UDP2018-11-26/ECE4261_Project-UDP/.Xil/Vivado-16132-FRECE-ITB205-09/dcp9/design_1_wrapper_early.xdc]
Finished Parsing XDC File [C:/Users/bwedemir/Desktop/ECE4261Project/ECE4261_Project-UDP2018-11-26/ECE4261_Project-UDP/.Xil/Vivado-16132-FRECE-ITB205-09/dcp9/design_1_wrapper_early.xdc]
Reading XDEF placement.
Reading placer database...
Reading XDEF routing.
Read XDEF File: Time (s): cpu = 00:00:00 ; elapsed = 00:00:00.320 . Memory (MB): peak = 1093.918 ; gain = 0.000
Restored from archive | CPU: 0.000000 secs | Memory: 0.000000 MB |
Finished XDEF File Restore: Time (s): cpu = 00:00:00 ; elapsed = 00:00:00.327 . Memory (MB): peak = 1093.918 ; gain = 0.000
INFO: [Project 1-111] Unisim Transformation Summary:
  A total of 8 instances were transformed.
  IOBUF => IOBUF (IBUF, OBUFT): 8 instances

open_run: Time (s): cpu = 00:00:16 ; elapsed = 00:00:12 . Memory (MB): peak = 1193.707 ; gain = 266.957
file copy -force C:/Users/bwedemir/Desktop/ECE4261Project/ECE4261_Project-UDP2018-11-26/ECE4261_Project-UDP/Project_V0.2.runs/impl_1/design_1_wrapper.sysdef C:/Users/bwedemir/Desktop/ECE4261Project/ECE4261_Project-UDP2018-11-26/ECE4261_Project-UDP/Project_V0.2.sdk/design_1_wrapper.hdf

launch_sdk -workspace C:/Users/bwedemir/Desktop/ECE4261Project/ECE4261_Project-UDP2018-11-26/ECE4261_Project-UDP/Project_V0.2.sdk -hwspec C:/Users/bwedemir/Desktop/ECE4261Project/ECE4261_Project-UDP2018-11-26/ECE4261_Project-UDP/Project_V0.2.sdk/design_1_wrapper.hdf
INFO: [Vivado 12-393] Launching SDK...
INFO: [Vivado 12-417] Running xsdk -workspace C:/Users/bwedemir/Desktop/ECE4261Project/ECE4261_Project-UDP2018-11-26/ECE4261_Project-UDP/Project_V0.2.sdk -hwspec C:/Users/bwedemir/Desktop/ECE4261Project/ECE4261_Project-UDP2018-11-26/ECE4261_Project-UDP/Project_V0.2.sdk/design_1_wrapper.hdf
INFO: [Vivado 12-3157] SDK launch initiated. Please check console for any further messages.
exit
INFO: [Common 17-206] Exiting Vivado at Mon Nov 26 15:45:03 2018...
