#-----------------------------------------------------------
# Vivado v2017.1 (64-bit)
# SW Build 1846317 on Fri Apr 14 18:55:03 MDT 2017
# IP Build 1846188 on Fri Apr 14 20:52:08 MDT 2017
# Start of session at: Sat Nov 24 21:32:13 2018
# Process ID: 14836
# Current directory: C:/Users/kohara/Desktop/ECE4261_Project-UDP/ECE4261_Project-UDP
# Command line: vivado.exe -gui_launcher_event rodinguilauncherevent16040 C:\Users\kohara\Desktop\ECE4261_Project-UDP\ECE4261_Project-UDP\Project_V0.2.xpr
# Log file: C:/Users/kohara/Desktop/ECE4261_Project-UDP/ECE4261_Project-UDP/vivado.log
# Journal file: C:/Users/kohara/Desktop/ECE4261_Project-UDP/ECE4261_Project-UDP\vivado.jou
#-----------------------------------------------------------
start_gui
open_project C:/Users/kohara/Desktop/ECE4261_Project-UDP/ECE4261_Project-UDP/Project_V0.2.xpr
INFO: [Project 1-313] Project file moved from 'C:/Users/bwedemir/Desktop/ECE4261Project/ECE4261_Project-UDP' since last save.
Scanning sources...
Finished scanning sources
WARNING: [filemgmt 56-2] IP Repository Path: Could not find the directory 'C:/Users/kohara/Desktop/ECE4261_Project-UDP/vivado-library-2018.2-1', nor could it be found using path 'C:/Users/bwedemir/Desktop/ECE4261Project/vivado-library-2018.2-1'.
WARNING: [filemgmt 56-2] IPUserFilesDir: Could not find the directory 'C:/Users/kohara/Desktop/Desktop/Project_V0.2/Project_V0.2.ip_user_files', nor could it be found using path 'C:/Users/bwedemir/Desktop/Desktop/Project_V0.2/Project_V0.2.ip_user_files'.
INFO: [IP_Flow 19-234] Refreshing IP repositories
WARNING: [IP_Flow 19-2248] Failed to load user IP repository 'c:/Users/kohara/Desktop/ECE4261_Project-UDP/vivado-library-2018.2-1'; Can't find the specified path.
If this directory should no longer be in your list of user repositories, go to the IP Settings dialog and remove it.
INFO: [IP_Flow 19-2313] Loaded Vivado IP repository 'C:/Xilinx2017.1/Vivado/2017.1/data/ip'.
WARNING: [BD 41-1661] One or more IPs have been locked in the design 'design_1.bd'. Please run report_ip_status for more details and recommendations on how to fix this issue.
List of locked IPs:
design_1_PmodKYPD_1_0

open_project: Time (s): cpu = 00:00:12 ; elapsed = 00:00:16 . Memory (MB): peak = 853.555 ; gain = 152.875
update_compile_order -fileset sources_1
launch_sdk -workspace C:/Users/kohara/Desktop/ECE4261_Project-UDP/ECE4261_Project-UDP/Project_V0.2.sdk -hwspec C:/Users/kohara/Desktop/ECE4261_Project-UDP/ECE4261_Project-UDP/Project_V0.2.sdk/design_1_wrapper.hdf
INFO: [Vivado 12-393] Launching SDK...
INFO: [Vivado 12-417] Running xsdk -workspace C:/Users/kohara/Desktop/ECE4261_Project-UDP/ECE4261_Project-UDP/Project_V0.2.sdk -hwspec C:/Users/kohara/Desktop/ECE4261_Project-UDP/ECE4261_Project-UDP/Project_V0.2.sdk/design_1_wrapper.hdf
INFO: [Vivado 12-3157] SDK launch initiated. Please check console for any further messages.
exit
INFO: [Common 17-206] Exiting Vivado at Sat Nov 24 22:50:52 2018...
