#-----------------------------------------------------------
# Vivado v2017.1 (64-bit)
# SW Build 1846317 on Fri Apr 14 18:55:03 MDT 2017
# IP Build 1846188 on Fri Apr 14 20:52:08 MDT 2017
# Start of session at: Sat Nov 24 21:23:28 2018
# Process ID: 3352
# Current directory: C:/Users/bwedemir/Desktop/ECE4261Project/ECE4261_Project-UDP
# Command line: vivado.exe -gui_launcher_event rodinguilauncherevent5520 C:\Users\bwedemir\Desktop\ECE4261Project\ECE4261_Project-UDP\Project_V0.2.xpr
# Log file: C:/Users/bwedemir/Desktop/ECE4261Project/ECE4261_Project-UDP/vivado.log
# Journal file: C:/Users/bwedemir/Desktop/ECE4261Project/ECE4261_Project-UDP\vivado.jou
#-----------------------------------------------------------
start_gui
open_project C:/Users/bwedemir/Desktop/ECE4261Project/ECE4261_Project-UDP/Project_V0.2.xpr
Scanning sources...
Finished scanning sources
INFO: [IP_Flow 19-234] Refreshing IP repositories
WARNING: [IP_Flow 19-395] Problem validating against XML schema: see 'xilinx:valuePermission' : Unexpected attribute
CRITICAL WARNING: [IP_Flow 19-1977] Unable to read IP file c:/Users/bwedemir/Desktop/ECE4261Project/vivado-library-2018.2-1/vivado-library/ip/Pmods/PmodESP32_v1_0/component.xml. This IP will not be included in the IP Catalog.
WARNING: [IP_Flow 19-395] Problem validating against XML schema: see 'xilinx:valuePermission' : Unexpected attribute
WARNING: [IP_Flow 19-395] Problem validating against XML schema: see 'xilinx:valuePermission' : Unexpected attribute
INFO: [IP_Flow 19-1700] Loaded user IP repository 'c:/Users/bwedemir/Desktop/ECE4261Project/vivado-library-2018.2-1'.
INFO: [IP_Flow 19-2313] Loaded Vivado IP repository 'C:/Xilinx2017.1/Vivado/2017.1/data/ip'.
open_project: Time (s): cpu = 00:00:12 ; elapsed = 00:00:11 . Memory (MB): peak = 901.141 ; gain = 145.641
update_compile_order -fileset sources_1
make_wrapper -files [get_files C:/Users/bwedemir/Desktop/ECE4261Project/ECE4261_Project-UDP/Project_V0.2.srcs/sources_1/bd/design_1/design_1.bd] -top
reset_run impl_1 -prev_step 
launch_runs impl_1 -to_step write_bitstream -jobs 4
[Sat Nov 24 21:24:09 2018] Launched impl_1...
Run output will be captured here: C:/Users/bwedemir/Desktop/ECE4261Project/ECE4261_Project-UDP/Project_V0.2.runs/impl_1/runme.log
file copy -force C:/Users/bwedemir/Desktop/ECE4261Project/ECE4261_Project-UDP/Project_V0.2.runs/impl_1/design_1_wrapper.sysdef C:/Users/bwedemir/Desktop/ECE4261Project/ECE4261_Project-UDP/Project_V0.2.sdk/design_1_wrapper.hdf

launch_sdk -workspace C:/Users/bwedemir/Desktop/ECE4261Project/ECE4261_Project-UDP/Project_V0.2.sdk -hwspec C:/Users/bwedemir/Desktop/ECE4261Project/ECE4261_Project-UDP/Project_V0.2.sdk/design_1_wrapper.hdf
INFO: [Vivado 12-393] Launching SDK...
INFO: [Vivado 12-417] Running xsdk -workspace C:/Users/bwedemir/Desktop/ECE4261Project/ECE4261_Project-UDP/Project_V0.2.sdk -hwspec C:/Users/bwedemir/Desktop/ECE4261Project/ECE4261_Project-UDP/Project_V0.2.sdk/design_1_wrapper.hdf
INFO: [Vivado 12-3157] SDK launch initiated. Please check console for any further messages.
launch_sdk -workspace C:/Users/bwedemir/Desktop/ECE4261Project/ECE4261_Project-UDP/Project_V0.2.sdk -hwspec C:/Users/bwedemir/Desktop/ECE4261Project/ECE4261_Project-UDP/Project_V0.2.sdk/design_1_wrapper.hdf
INFO: [Vivado 12-393] Launching SDK...
INFO: [Vivado 12-417] Running xsdk -workspace C:/Users/bwedemir/Desktop/ECE4261Project/ECE4261_Project-UDP/Project_V0.2.sdk -hwspec C:/Users/bwedemir/Desktop/ECE4261Project/ECE4261_Project-UDP/Project_V0.2.sdk/design_1_wrapper.hdf
INFO: [Vivado 12-3157] SDK launch initiated. Please check console for any further messages.
exit
INFO: [Common 17-206] Exiting Vivado at Sat Nov 24 21:28:27 2018...
