#-----------------------------------------------------------
# Vivado v2017.1 (64-bit)
# SW Build 1846317 on Fri Apr 14 18:55:03 MDT 2017
# IP Build 1846188 on Fri Apr 14 20:52:08 MDT 2017
# Start of session at: Sat Nov  3 11:55:22 2018
# Process ID: 4832
# Current directory: C:/Users/bwedemir/Downloads/ECE4261_Project-Keypad/ECE4261_Project-Keypad
# Command line: vivado.exe -gui_launcher_event rodinguilauncherevent6072 C:\Users\bwedemir\Downloads\ECE4261_Project-Keypad\ECE4261_Project-Keypad\Project_V0.2.xpr
# Log file: C:/Users/bwedemir/Downloads/ECE4261_Project-Keypad/ECE4261_Project-Keypad/vivado.log
# Journal file: C:/Users/bwedemir/Downloads/ECE4261_Project-Keypad/ECE4261_Project-Keypad\vivado.jou
#-----------------------------------------------------------
start_gui
open_project C:/Users/bwedemir/Downloads/ECE4261_Project-Keypad/ECE4261_Project-Keypad/Project_V0.2.xpr
Scanning sources...
Finished scanning sources
INFO: [IP_Flow 19-234] Refreshing IP repositories
WARNING: [IP_Flow 19-395] Problem validating against XML schema: see 'xilinx:valuePermission' : Unexpected attribute
CRITICAL WARNING: [IP_Flow 19-1977] Unable to read IP file c:/Users/bwedemir/Downloads/vivado-library-2018.2-1/vivado-library/ip/Pmods/PmodESP32_v1_0/component.xml. This IP will not be included in the IP Catalog.
WARNING: [IP_Flow 19-395] Problem validating against XML schema: see 'xilinx:valuePermission' : Unexpected attribute
WARNING: [IP_Flow 19-395] Problem validating against XML schema: see 'xilinx:valuePermission' : Unexpected attribute
INFO: [IP_Flow 19-1700] Loaded user IP repository 'c:/Users/bwedemir/Downloads/vivado-library-2018.2-1'.
INFO: [IP_Flow 19-2313] Loaded Vivado IP repository 'C:/Xilinx2017.1/Vivado/2017.1/data/ip'.
open_project: Time (s): cpu = 00:00:15 ; elapsed = 00:00:37 . Memory (MB): peak = 878.563 ; gain = 167.238
update_compile_order -fileset sources_1
open_bd_design {C:/Users/bwedemir/Downloads/ECE4261_Project-Keypad/ECE4261_Project-Keypad/Project_V0.2.srcs/sources_1/bd/design_1/design_1.bd}
Adding cell -- xilinx.com:ip:processing_system7:5.5 - processing_system7_0
Adding cell -- digilentinc.com:IP:PmodKYPD:1.0 - PmodKYPD_0
Adding cell -- xilinx.com:ip:proc_sys_reset:5.0 - rst_ps7_0_100M
Adding cell -- xilinx.com:ip:axi_protocol_converter:2.1 - auto_pc
Successfully read diagram <design_1> from BD file <C:/Users/bwedemir/Downloads/ECE4261_Project-Keypad/ECE4261_Project-Keypad/Project_V0.2.srcs/sources_1/bd/design_1/design_1.bd>
open_bd_design: Time (s): cpu = 00:00:08 ; elapsed = 00:00:13 . Memory (MB): peak = 914.645 ; gain = 36.082
launch_sdk -workspace C:/Users/bwedemir/Downloads/ECE4261_Project-Keypad/ECE4261_Project-Keypad/Project_V0.2.sdk -hwspec C:/Users/bwedemir/Downloads/ECE4261_Project-Keypad/ECE4261_Project-Keypad/Project_V0.2.sdk/design_1_wrapper.hdf
INFO: [Vivado 12-393] Launching SDK...
INFO: [Vivado 12-417] Running xsdk -workspace C:/Users/bwedemir/Downloads/ECE4261_Project-Keypad/ECE4261_Project-Keypad/Project_V0.2.sdk -hwspec C:/Users/bwedemir/Downloads/ECE4261_Project-Keypad/ECE4261_Project-Keypad/Project_V0.2.sdk/design_1_wrapper.hdf
INFO: [Vivado 12-3157] SDK launch initiated. Please check console for any further messages.
startgroup
create_bd_cell -type ip -vlnv digilentinc.com:IP:PmodKYPD:1.0 PmodKYPD_1
apply_board_connection -board_interface "ja" -ip_intf "PmodKYPD_1/Pmod_out" -diagram "design_1" 
INFO: [board_interface 100-100] set_property CONFIG.USE_BOARD_FLOW true [get_bd_cells -quiet /PmodKYPD_1]
INFO: [board_interface 100-100] set_property CONFIG.PMOD ja [get_bd_cells -quiet /PmodKYPD_1]
INFO: [board_interface 100-100] create_bd_intf_port -mode Master -vlnv digilentinc.com:interface:pmod_rtl:1.0 ja
INFO: [board_interface 100-100] connect_bd_intf_net /ja /PmodKYPD_1/Pmod_out
endgroup
delete_bd_objs [get_bd_intf_nets PmodKYPD_0_Pmod_out] [get_bd_intf_nets ps7_0_axi_periph_M00_AXI] [get_bd_cells PmodKYPD_0]
delete_bd_objs [get_bd_intf_ports je]
apply_bd_automation -rule xilinx.com:bd_rule:axi4 -config {Master "/processing_system7_0/M_AXI_GP0" intc_ip "/ps7_0_axi_periph" Clk_xbar "Auto" Clk_master "Auto" Clk_slave "Auto" }  [get_bd_intf_pins PmodKYPD_1/AXI_LITE_GPIO]
</PmodKYPD_1/AXI_LITE_GPIO/Reg0> is being mapped into </processing_system7_0/Data> at <0x40000000 [ 4K ]>
regenerate_bd_layout
validate_bd_design
make_wrapper -files [get_files C:/Users/bwedemir/Downloads/ECE4261_Project-Keypad/ECE4261_Project-Keypad/Project_V0.2.srcs/sources_1/bd/design_1/design_1.bd] -top
INFO: [BD 41-1662] The design 'design_1.bd' is already validated. Therefore parameter propagation will not be re-run.
Wrote  : <C:/Users/bwedemir/Downloads/ECE4261_Project-Keypad/ECE4261_Project-Keypad/Project_V0.2.srcs/sources_1/bd/design_1/design_1.bd> 
VHDL Output written to : C:/Users/bwedemir/Downloads/ECE4261_Project-Keypad/ECE4261_Project-Keypad/Project_V0.2.srcs/sources_1/bd/design_1/hdl/design_1.vhd
VHDL Output written to : C:/Users/bwedemir/Downloads/ECE4261_Project-Keypad/ECE4261_Project-Keypad/Project_V0.2.srcs/sources_1/bd/design_1/hdl/design_1_wrapper.vhd
save_bd_design
Wrote  : <C:/Users/bwedemir/Downloads/ECE4261_Project-Keypad/ECE4261_Project-Keypad/Project_V0.2.srcs/sources_1/bd/design_1/ui/bd_1f5defd0.ui> 
reset_run synth_1
launch_runs impl_1 -to_step write_bitstream -jobs 4
INFO: [BD 41-1662] The design 'design_1.bd' is already validated. Therefore parameter propagation will not be re-run.
VHDL Output written to : C:/Users/bwedemir/Downloads/ECE4261_Project-Keypad/ECE4261_Project-Keypad/Project_V0.2.srcs/sources_1/bd/design_1/hdl/design_1.vhd
VHDL Output written to : C:/Users/bwedemir/Downloads/ECE4261_Project-Keypad/ECE4261_Project-Keypad/Project_V0.2.srcs/sources_1/bd/design_1/hdl/design_1_wrapper.vhd
INFO: [BD 41-1029] Generation completed for the IP Integrator block processing_system7_0 .
INFO: [BD 41-1029] Generation completed for the IP Integrator block rst_ps7_0_100M .
WARNING: [Board 49-26] cannot add Board Part digilentinc.com:arty-s7-25:part0:1.0 available at C:/Xilinx2017.1/Vivado/2017.1/data/boards/board_files/arty-s7-25/E.0/board.xml as part xc7s25csga324-1 specified in board_part file is either invalid or not available
WARNING: [Board 49-26] cannot add Board Part digilentinc.com:cmod-s7-25:part0:1.0 available at C:/Xilinx2017.1/Vivado/2017.1/data/boards/board_files/cmod-s7-25/B.0/board.xml as part xc7s25csga225-1 specified in board_part file is either invalid or not available
WARNING: [Board 49-26] cannot add Board Part digilentinc.com:arty-s7-25:part0:1.0 available at C:/Xilinx2017.1/Vivado/2017.1/data/boards/board_files/arty-s7-25/E.0/board.xml as part xc7s25csga324-1 specified in board_part file is either invalid or not available
WARNING: [Board 49-26] cannot add Board Part digilentinc.com:cmod-s7-25:part0:1.0 available at C:/Xilinx2017.1/Vivado/2017.1/data/boards/board_files/cmod-s7-25/B.0/board.xml as part xc7s25csga225-1 specified in board_part file is either invalid or not available
WARNING: [Board 49-26] cannot add Board Part digilentinc.com:arty-s7-25:part0:1.0 available at C:/Xilinx2017.1/Vivado/2017.1/data/boards/board_files/arty-s7-25/E.0/board.xml as part xc7s25csga324-1 specified in board_part file is either invalid or not available
WARNING: [Board 49-26] cannot add Board Part digilentinc.com:cmod-s7-25:part0:1.0 available at C:/Xilinx2017.1/Vivado/2017.1/data/boards/board_files/cmod-s7-25/B.0/board.xml as part xc7s25csga225-1 specified in board_part file is either invalid or not available
WARNING: [Board 49-26] cannot add Board Part digilentinc.com:arty-s7-25:part0:1.0 available at C:/Xilinx2017.1/Vivado/2017.1/data/boards/board_files/arty-s7-25/E.0/board.xml as part xc7s25csga324-1 specified in board_part file is either invalid or not available
WARNING: [Board 49-26] cannot add Board Part digilentinc.com:cmod-s7-25:part0:1.0 available at C:/Xilinx2017.1/Vivado/2017.1/data/boards/board_files/cmod-s7-25/B.0/board.xml as part xc7s25csga225-1 specified in board_part file is either invalid or not available
WARNING: [Board 49-26] cannot add Board Part digilentinc.com:arty-s7-25:part0:1.0 available at C:/Xilinx2017.1/Vivado/2017.1/data/boards/board_files/arty-s7-25/E.0/board.xml as part xc7s25csga324-1 specified in board_part file is either invalid or not available
WARNING: [Board 49-26] cannot add Board Part digilentinc.com:cmod-s7-25:part0:1.0 available at C:/Xilinx2017.1/Vivado/2017.1/data/boards/board_files/cmod-s7-25/B.0/board.xml as part xc7s25csga225-1 specified in board_part file is either invalid or not available
WARNING: [Board 49-26] cannot add Board Part digilentinc.com:arty-s7-25:part0:1.0 available at C:/Xilinx2017.1/Vivado/2017.1/data/boards/board_files/arty-s7-25/E.0/board.xml as part xc7s25csga324-1 specified in board_part file is either invalid or not available
WARNING: [Board 49-26] cannot add Board Part digilentinc.com:cmod-s7-25:part0:1.0 available at C:/Xilinx2017.1/Vivado/2017.1/data/boards/board_files/cmod-s7-25/B.0/board.xml as part xc7s25csga225-1 specified in board_part file is either invalid or not available
WARNING: [Board 49-26] cannot add Board Part digilentinc.com:arty-s7-25:part0:1.0 available at C:/Xilinx2017.1/Vivado/2017.1/data/boards/board_files/arty-s7-25/E.0/board.xml as part xc7s25csga324-1 specified in board_part file is either invalid or not available
WARNING: [Board 49-26] cannot add Board Part digilentinc.com:cmod-s7-25:part0:1.0 available at C:/Xilinx2017.1/Vivado/2017.1/data/boards/board_files/cmod-s7-25/B.0/board.xml as part xc7s25csga225-1 specified in board_part file is either invalid or not available
WARNING: [Board 49-26] cannot add Board Part digilentinc.com:arty-s7-25:part0:1.0 available at C:/Xilinx2017.1/Vivado/2017.1/data/boards/board_files/arty-s7-25/E.0/board.xml as part xc7s25csga324-1 specified in board_part file is either invalid or not available
WARNING: [Board 49-26] cannot add Board Part digilentinc.com:cmod-s7-25:part0:1.0 available at C:/Xilinx2017.1/Vivado/2017.1/data/boards/board_files/cmod-s7-25/B.0/board.xml as part xc7s25csga225-1 specified in board_part file is either invalid or not available
WARNING: [Board 49-26] cannot add Board Part digilentinc.com:arty-s7-25:part0:1.0 available at C:/Xilinx2017.1/Vivado/2017.1/data/boards/board_files/arty-s7-25/E.0/board.xml as part xc7s25csga324-1 specified in board_part file is either invalid or not available
WARNING: [Board 49-26] cannot add Board Part digilentinc.com:cmod-s7-25:part0:1.0 available at C:/Xilinx2017.1/Vivado/2017.1/data/boards/board_files/cmod-s7-25/B.0/board.xml as part xc7s25csga225-1 specified in board_part file is either invalid or not available
WARNING: [Board 49-26] cannot add Board Part digilentinc.com:arty-s7-25:part0:1.0 available at C:/Xilinx2017.1/Vivado/2017.1/data/boards/board_files/arty-s7-25/E.0/board.xml as part xc7s25csga324-1 specified in board_part file is either invalid or not available
WARNING: [Board 49-26] cannot add Board Part digilentinc.com:cmod-s7-25:part0:1.0 available at C:/Xilinx2017.1/Vivado/2017.1/data/boards/board_files/cmod-s7-25/B.0/board.xml as part xc7s25csga225-1 specified in board_part file is either invalid or not available
WARNING: [Board 49-26] cannot add Board Part digilentinc.com:arty-s7-25:part0:1.0 available at C:/Xilinx2017.1/Vivado/2017.1/data/boards/board_files/arty-s7-25/E.0/board.xml as part xc7s25csga324-1 specified in board_part file is either invalid or not available
WARNING: [Board 49-26] cannot add Board Part digilentinc.com:cmod-s7-25:part0:1.0 available at C:/Xilinx2017.1/Vivado/2017.1/data/boards/board_files/cmod-s7-25/B.0/board.xml as part xc7s25csga225-1 specified in board_part file is either invalid or not available
WARNING: [Board 49-26] cannot add Board Part digilentinc.com:arty-s7-25:part0:1.0 available at C:/Xilinx2017.1/Vivado/2017.1/data/boards/board_files/arty-s7-25/E.0/board.xml as part xc7s25csga324-1 specified in board_part file is either invalid or not available
WARNING: [Board 49-26] cannot add Board Part digilentinc.com:cmod-s7-25:part0:1.0 available at C:/Xilinx2017.1/Vivado/2017.1/data/boards/board_files/cmod-s7-25/B.0/board.xml as part xc7s25csga225-1 specified in board_part file is either invalid or not available
WARNING: [Board 49-26] cannot add Board Part digilentinc.com:arty-s7-25:part0:1.0 available at C:/Xilinx2017.1/Vivado/2017.1/data/boards/board_files/arty-s7-25/E.0/board.xml as part xc7s25csga324-1 specified in board_part file is either invalid or not available
WARNING: [Board 49-26] cannot add Board Part digilentinc.com:cmod-s7-25:part0:1.0 available at C:/Xilinx2017.1/Vivado/2017.1/data/boards/board_files/cmod-s7-25/B.0/board.xml as part xc7s25csga225-1 specified in board_part file is either invalid or not available
WARNING: [Board 49-26] cannot add Board Part digilentinc.com:arty-s7-25:part0:1.0 available at C:/Xilinx2017.1/Vivado/2017.1/data/boards/board_files/arty-s7-25/E.0/board.xml as part xc7s25csga324-1 specified in board_part file is either invalid or not available
WARNING: [Board 49-26] cannot add Board Part digilentinc.com:cmod-s7-25:part0:1.0 available at C:/Xilinx2017.1/Vivado/2017.1/data/boards/board_files/cmod-s7-25/B.0/board.xml as part xc7s25csga225-1 specified in board_part file is either invalid or not available
WARNING: [Board 49-26] cannot add Board Part digilentinc.com:arty-s7-25:part0:1.0 available at C:/Xilinx2017.1/Vivado/2017.1/data/boards/board_files/arty-s7-25/E.0/board.xml as part xc7s25csga324-1 specified in board_part file is either invalid or not available
WARNING: [Board 49-26] cannot add Board Part digilentinc.com:cmod-s7-25:part0:1.0 available at C:/Xilinx2017.1/Vivado/2017.1/data/boards/board_files/cmod-s7-25/B.0/board.xml as part xc7s25csga225-1 specified in board_part file is either invalid or not available
WARNING: [Board 49-26] cannot add Board Part digilentinc.com:arty-s7-25:part0:1.0 available at C:/Xilinx2017.1/Vivado/2017.1/data/boards/board_files/arty-s7-25/E.0/board.xml as part xc7s25csga324-1 specified in board_part file is either invalid or not available
WARNING: [Board 49-26] cannot add Board Part digilentinc.com:cmod-s7-25:part0:1.0 available at C:/Xilinx2017.1/Vivado/2017.1/data/boards/board_files/cmod-s7-25/B.0/board.xml as part xc7s25csga225-1 specified in board_part file is either invalid or not available
WARNING: [Board 49-26] cannot add Board Part digilentinc.com:arty-s7-25:part0:1.0 available at C:/Xilinx2017.1/Vivado/2017.1/data/boards/board_files/arty-s7-25/E.0/board.xml as part xc7s25csga324-1 specified in board_part file is either invalid or not available
WARNING: [Board 49-26] cannot add Board Part digilentinc.com:cmod-s7-25:part0:1.0 available at C:/Xilinx2017.1/Vivado/2017.1/data/boards/board_files/cmod-s7-25/B.0/board.xml as part xc7s25csga225-1 specified in board_part file is either invalid or not available
WARNING: [Board 49-26] cannot add Board Part digilentinc.com:arty-s7-25:part0:1.0 available at C:/Xilinx2017.1/Vivado/2017.1/data/boards/board_files/arty-s7-25/E.0/board.xml as part xc7s25csga324-1 specified in board_part file is either invalid or not available
WARNING: [Board 49-26] cannot add Board Part digilentinc.com:cmod-s7-25:part0:1.0 available at C:/Xilinx2017.1/Vivado/2017.1/data/boards/board_files/cmod-s7-25/B.0/board.xml as part xc7s25csga225-1 specified in board_part file is either invalid or not available
WARNING: [Board 49-26] cannot add Board Part digilentinc.com:arty-s7-25:part0:1.0 available at C:/Xilinx2017.1/Vivado/2017.1/data/boards/board_files/arty-s7-25/E.0/board.xml as part xc7s25csga324-1 specified in board_part file is either invalid or not available
WARNING: [Board 49-26] cannot add Board Part digilentinc.com:cmod-s7-25:part0:1.0 available at C:/Xilinx2017.1/Vivado/2017.1/data/boards/board_files/cmod-s7-25/B.0/board.xml as part xc7s25csga225-1 specified in board_part file is either invalid or not available
WARNING: [Board 49-26] cannot add Board Part digilentinc.com:arty-s7-25:part0:1.0 available at C:/Xilinx2017.1/Vivado/2017.1/data/boards/board_files/arty-s7-25/E.0/board.xml as part xc7s25csga324-1 specified in board_part file is either invalid or not available
WARNING: [Board 49-26] cannot add Board Part digilentinc.com:cmod-s7-25:part0:1.0 available at C:/Xilinx2017.1/Vivado/2017.1/data/boards/board_files/cmod-s7-25/B.0/board.xml as part xc7s25csga225-1 specified in board_part file is either invalid or not available
WARNING: [Board 49-26] cannot add Board Part digilentinc.com:arty-s7-25:part0:1.0 available at C:/Xilinx2017.1/Vivado/2017.1/data/boards/board_files/arty-s7-25/E.0/board.xml as part xc7s25csga324-1 specified in board_part file is either invalid or not available
WARNING: [Board 49-26] cannot add Board Part digilentinc.com:cmod-s7-25:part0:1.0 available at C:/Xilinx2017.1/Vivado/2017.1/data/boards/board_files/cmod-s7-25/B.0/board.xml as part xc7s25csga225-1 specified in board_part file is either invalid or not available
WARNING: [Board 49-26] cannot add Board Part digilentinc.com:arty-s7-25:part0:1.0 available at C:/Xilinx2017.1/Vivado/2017.1/data/boards/board_files/arty-s7-25/E.0/board.xml as part xc7s25csga324-1 specified in board_part file is either invalid or not available
WARNING: [Board 49-26] cannot add Board Part digilentinc.com:cmod-s7-25:part0:1.0 available at C:/Xilinx2017.1/Vivado/2017.1/data/boards/board_files/cmod-s7-25/B.0/board.xml as part xc7s25csga225-1 specified in board_part file is either invalid or not available
WARNING: [Board 49-26] cannot add Board Part digilentinc.com:arty-s7-25:part0:1.0 available at C:/Xilinx2017.1/Vivado/2017.1/data/boards/board_files/arty-s7-25/E.0/board.xml as part xc7s25csga324-1 specified in board_part file is either invalid or not available
WARNING: [Board 49-26] cannot add Board Part digilentinc.com:cmod-s7-25:part0:1.0 available at C:/Xilinx2017.1/Vivado/2017.1/data/boards/board_files/cmod-s7-25/B.0/board.xml as part xc7s25csga225-1 specified in board_part file is either invalid or not available
WARNING: [Board 49-26] cannot add Board Part digilentinc.com:arty-s7-25:part0:1.0 available at C:/Xilinx2017.1/Vivado/2017.1/data/boards/board_files/arty-s7-25/E.0/board.xml as part xc7s25csga324-1 specified in board_part file is either invalid or not available
WARNING: [Board 49-26] cannot add Board Part digilentinc.com:cmod-s7-25:part0:1.0 available at C:/Xilinx2017.1/Vivado/2017.1/data/boards/board_files/cmod-s7-25/B.0/board.xml as part xc7s25csga225-1 specified in board_part file is either invalid or not available
CRITICAL WARNING: [IP_Flow 19-4965] IP PmodKYPD_pmod_bridge_0_0 was packaged with board value 'digilentinc.com:arty:part0:1.1'. Current project's board value is 'digilentinc.com:zybo:part0:1.0'. Please update the project settings to match the packaged IP.
INFO: [IP_Flow 19-3420] Updated PmodKYPD_pmod_bridge_0_0 to use current project options
CRITICAL WARNING: [IP_Flow 19-4965] IP PmodKYPD_axi_gpio_0_0 was packaged with board value 'digilentinc.com:arty:part0:1.1'. Current project's board value is 'digilentinc.com:zybo:part0:1.0'. Please update the project settings to match the packaged IP.
INFO: [IP_Flow 19-3420] Updated PmodKYPD_axi_gpio_0_0 to use current project options
CRITICAL WARNING: [IP_Flow 19-4965] IP PmodKYPD_xlslice_0_0 was packaged with board value 'digilentinc.com:arty:part0:1.1'. Current project's board value is 'digilentinc.com:zybo:part0:1.0'. Please update the project settings to match the packaged IP.
INFO: [IP_Flow 19-3422] Upgraded PmodKYPD_xlslice_0_0 (Slice 1.0) from revision 1 to revision 1
CRITICAL WARNING: [IP_Flow 19-4965] IP PmodKYPD_xlslice_0_1 was packaged with board value 'digilentinc.com:arty:part0:1.1'. Current project's board value is 'digilentinc.com:zybo:part0:1.0'. Please update the project settings to match the packaged IP.
INFO: [IP_Flow 19-3422] Upgraded PmodKYPD_xlslice_0_1 (Slice 1.0) from revision 1 to revision 1
CRITICAL WARNING: [IP_Flow 19-4965] IP PmodKYPD_xlslice_0_2 was packaged with board value 'digilentinc.com:arty:part0:1.1'. Current project's board value is 'digilentinc.com:zybo:part0:1.0'. Please update the project settings to match the packaged IP.
INFO: [IP_Flow 19-3422] Upgraded PmodKYPD_xlslice_0_2 (Slice 1.0) from revision 1 to revision 1
CRITICAL WARNING: [IP_Flow 19-4965] IP PmodKYPD_xlslice_t_0_0 was packaged with board value 'digilentinc.com:arty:part0:1.1'. Current project's board value is 'digilentinc.com:zybo:part0:1.0'. Please update the project settings to match the packaged IP.
INFO: [IP_Flow 19-3422] Upgraded PmodKYPD_xlslice_t_0_0 (Slice 1.0) from revision 1 to revision 1
CRITICAL WARNING: [IP_Flow 19-4965] IP PmodKYPD_xlconcat_0_0 was packaged with board value 'digilentinc.com:arty:part0:1.1'. Current project's board value is 'digilentinc.com:zybo:part0:1.0'. Please update the project settings to match the packaged IP.
INFO: [IP_Flow 19-3422] Upgraded PmodKYPD_xlconcat_0_0 (Concat 2.1) from revision 1 to revision 1
INFO: [BD 41-1029] Generation completed for the IP Integrator block PmodKYPD_1 .
WARNING: [IP_Flow 19-4994] Overwriting existing constraint file 'c:/Users/bwedemir/Downloads/ECE4261_Project-Keypad/ECE4261_Project-Keypad/Project_V0.2.srcs/sources_1/bd/design_1/ip/design_1_auto_pc_0/design_1_auto_pc_0_ooc.xdc'
INFO: [BD 41-1029] Generation completed for the IP Integrator block ps7_0_axi_periph/s00_couplers/auto_pc .
Exporting to file C:/Users/bwedemir/Downloads/ECE4261_Project-Keypad/ECE4261_Project-Keypad/Project_V0.2.srcs/sources_1/bd/design_1/hw_handoff/design_1.hwh
Generated Block Design Tcl file C:/Users/bwedemir/Downloads/ECE4261_Project-Keypad/ECE4261_Project-Keypad/Project_V0.2.srcs/sources_1/bd/design_1/hw_handoff/design_1_bd.tcl
Generated Hardware Definition File C:/Users/bwedemir/Downloads/ECE4261_Project-Keypad/ECE4261_Project-Keypad/Project_V0.2.srcs/sources_1/bd/design_1/hdl/design_1.hwdef
INFO: [IP_Flow 19-4993] Using cached IP synthesis design for IP design_1_auto_pc_0, cache-ID = 636076100619ff6f; cache size = 2.306 MB.
[Sat Nov  3 12:42:36 2018] Launched design_1_PmodKYPD_1_0_synth_1, synth_1...
Run output will be captured here:
design_1_PmodKYPD_1_0_synth_1: C:/Users/bwedemir/Downloads/ECE4261_Project-Keypad/ECE4261_Project-Keypad/Project_V0.2.runs/design_1_PmodKYPD_1_0_synth_1/runme.log
synth_1: C:/Users/bwedemir/Downloads/ECE4261_Project-Keypad/ECE4261_Project-Keypad/Project_V0.2.runs/synth_1/runme.log
[Sat Nov  3 12:42:36 2018] Launched impl_1...
Run output will be captured here: C:/Users/bwedemir/Downloads/ECE4261_Project-Keypad/ECE4261_Project-Keypad/Project_V0.2.runs/impl_1/runme.log
launch_runs: Time (s): cpu = 00:00:06 ; elapsed = 00:00:16 . Memory (MB): peak = 1066.027 ; gain = 53.016
reset_run synth_1
launch_runs impl_1 -to_step write_bitstream -jobs 4
[Sat Nov  3 12:42:47 2018] Launched design_1_PmodKYPD_1_0_synth_1, synth_1...
Run output will be captured here:
design_1_PmodKYPD_1_0_synth_1: C:/Users/bwedemir/Downloads/ECE4261_Project-Keypad/ECE4261_Project-Keypad/Project_V0.2.runs/design_1_PmodKYPD_1_0_synth_1/runme.log
synth_1: C:/Users/bwedemir/Downloads/ECE4261_Project-Keypad/ECE4261_Project-Keypad/Project_V0.2.runs/synth_1/runme.log
[Sat Nov  3 12:42:47 2018] Launched impl_1...
Run output will be captured here: C:/Users/bwedemir/Downloads/ECE4261_Project-Keypad/ECE4261_Project-Keypad/Project_V0.2.runs/impl_1/runme.log
file copy -force C:/Users/bwedemir/Downloads/ECE4261_Project-Keypad/ECE4261_Project-Keypad/Project_V0.2.runs/impl_1/design_1_wrapper.sysdef C:/Users/bwedemir/Downloads/ECE4261_Project-Keypad/ECE4261_Project-Keypad/Project_V0.2.sdk/design_1_wrapper.hdf

launch_sdk -workspace C:/Users/bwedemir/Downloads/ECE4261_Project-Keypad/ECE4261_Project-Keypad/Project_V0.2.sdk -hwspec C:/Users/bwedemir/Downloads/ECE4261_Project-Keypad/ECE4261_Project-Keypad/Project_V0.2.sdk/design_1_wrapper.hdf
INFO: [Vivado 12-393] Launching SDK...
INFO: [Vivado 12-417] Running xsdk -workspace C:/Users/bwedemir/Downloads/ECE4261_Project-Keypad/ECE4261_Project-Keypad/Project_V0.2.sdk -hwspec C:/Users/bwedemir/Downloads/ECE4261_Project-Keypad/ECE4261_Project-Keypad/Project_V0.2.sdk/design_1_wrapper.hdf
INFO: [Vivado 12-3157] SDK launch initiated. Please check console for any further messages.
WARNING: [IP_Flow 19-474] Invalid Parameter 'Component_Name'
launch_sdk -workspace C:/Users/bwedemir/Downloads/ECE4261_Project-Keypad/ECE4261_Project-Keypad/Project_V0.2.sdk -hwspec C:/Users/bwedemir/Downloads/ECE4261_Project-Keypad/ECE4261_Project-Keypad/Project_V0.2.sdk/design_1_wrapper.hdf
INFO: [Vivado 12-393] Launching SDK...
INFO: [Vivado 12-417] Running xsdk -workspace C:/Users/bwedemir/Downloads/ECE4261_Project-Keypad/ECE4261_Project-Keypad/Project_V0.2.sdk -hwspec C:/Users/bwedemir/Downloads/ECE4261_Project-Keypad/ECE4261_Project-Keypad/Project_V0.2.sdk/design_1_wrapper.hdf
INFO: [Vivado 12-3157] SDK launch initiated. Please check console for any further messages.
launch_sdk -workspace C:/Users/bwedemir/Downloads/ECE4261_Project-Keypad/ECE4261_Project-Keypad/Project_V0.2.sdk -hwspec C:/Users/bwedemir/Downloads/ECE4261_Project-Keypad/ECE4261_Project-Keypad/Project_V0.2.sdk/design_1_wrapper.hdf
INFO: [Vivado 12-393] Launching SDK...
INFO: [Vivado 12-417] Running xsdk -workspace C:/Users/bwedemir/Downloads/ECE4261_Project-Keypad/ECE4261_Project-Keypad/Project_V0.2.sdk -hwspec C:/Users/bwedemir/Downloads/ECE4261_Project-Keypad/ECE4261_Project-Keypad/Project_V0.2.sdk/design_1_wrapper.hdf
INFO: [Vivado 12-3157] SDK launch initiated. Please check console for any further messages.
launch_sdk -workspace C:/Users/bwedemir/Downloads/ECE4261_Project-Keypad/ECE4261_Project-Keypad/Project_V0.2.sdk -hwspec C:/Users/bwedemir/Downloads/ECE4261_Project-Keypad/ECE4261_Project-Keypad/Project_V0.2.sdk/design_1_wrapper.hdf
INFO: [Vivado 12-393] Launching SDK...
INFO: [Vivado 12-417] Running xsdk -workspace C:/Users/bwedemir/Downloads/ECE4261_Project-Keypad/ECE4261_Project-Keypad/Project_V0.2.sdk -hwspec C:/Users/bwedemir/Downloads/ECE4261_Project-Keypad/ECE4261_Project-Keypad/Project_V0.2.sdk/design_1_wrapper.hdf
INFO: [Vivado 12-3157] SDK launch initiated. Please check console for any further messages.
file copy -force C:/Users/bwedemir/Downloads/ECE4261_Project-Keypad/ECE4261_Project-Keypad/Project_V0.2.runs/impl_1/design_1_wrapper.sysdef C:/Users/bwedemir/Downloads/ECE4261_Project-Keypad/ECE4261_Project-Keypad/Project_V0.2.sdk/design_1_wrapper.hdf

launch_sdk -workspace C:/Users/bwedemir/Downloads/ECE4261_Project-Keypad/ECE4261_Project-Keypad/Project_V0.2.sdk -hwspec C:/Users/bwedemir/Downloads/ECE4261_Project-Keypad/ECE4261_Project-Keypad/Project_V0.2.sdk/design_1_wrapper.hdf
INFO: [Vivado 12-393] Launching SDK...
INFO: [Vivado 12-417] Running xsdk -workspace C:/Users/bwedemir/Downloads/ECE4261_Project-Keypad/ECE4261_Project-Keypad/Project_V0.2.sdk -hwspec C:/Users/bwedemir/Downloads/ECE4261_Project-Keypad/ECE4261_Project-Keypad/Project_V0.2.sdk/design_1_wrapper.hdf
INFO: [Vivado 12-3157] SDK launch initiated. Please check console for any further messages.
launch_sdk -workspace C:/Users/bwedemir/Downloads/ECE4261_Project-Keypad/ECE4261_Project-Keypad/Project_V0.2.sdk -hwspec C:/Users/bwedemir/Downloads/ECE4261_Project-Keypad/ECE4261_Project-Keypad/Project_V0.2.sdk/design_1_wrapper.hdf
INFO: [Vivado 12-393] Launching SDK...
INFO: [Vivado 12-417] Running xsdk -workspace C:/Users/bwedemir/Downloads/ECE4261_Project-Keypad/ECE4261_Project-Keypad/Project_V0.2.sdk -hwspec C:/Users/bwedemir/Downloads/ECE4261_Project-Keypad/ECE4261_Project-Keypad/Project_V0.2.sdk/design_1_wrapper.hdf
INFO: [Vivado 12-3157] SDK launch initiated. Please check console for any further messages.
exit
INFO: [Common 17-206] Exiting Vivado at Sat Nov  3 16:14:03 2018...
