#-----------------------------------------------------------
# Vivado v2017.1 (64-bit)
# SW Build 1846317 on Fri Apr 14 18:55:03 MDT 2017
# IP Build 1846188 on Fri Apr 14 20:52:08 MDT 2017
# Start of session at: Mon Nov 26 20:36:56 2018
# Process ID: 16144
# Current directory: C:/Users/bwedemir/Desktop/ECE4261Project/ECE4261_Project-UDP2018-11-26-back/ECE4261_Project-UDP
# Command line: vivado.exe -gui_launcher_event rodinguilauncherevent6308 C:\Users\bwedemir\Desktop\ECE4261Project\ECE4261_Project-UDP2018-11-26-back\ECE4261_Project-UDP\Project_V0.2.xpr
# Log file: C:/Users/bwedemir/Desktop/ECE4261Project/ECE4261_Project-UDP2018-11-26-back/ECE4261_Project-UDP/vivado.log
# Journal file: C:/Users/bwedemir/Desktop/ECE4261Project/ECE4261_Project-UDP2018-11-26-back/ECE4261_Project-UDP\vivado.jou
#-----------------------------------------------------------
start_gui
open_project C:/Users/bwedemir/Desktop/ECE4261Project/ECE4261_Project-UDP2018-11-26-back/ECE4261_Project-UDP/Project_V0.2.xpr
INFO: [ProjectBase 1-489] The host OS only allows 260 characters in a normal path. The project is stored in a path with more than 80 characters. If you experience issues with IP, Block Designs, or files not being found, please consider moving the project to a location with a shorter path. Alternately consider using the OS subst command to map part of the path to a drive letter.
Current project path is 'C:/Users/bwedemir/Desktop/ECE4261Project/ECE4261_Project-UDP2018-11-26-back/ECE4261_Project-UDP'
INFO: [Project 1-313] Project file moved from 'C:/Users/bwedemir/Desktop/ECE4261Project/ECE4261_Project-UDP2018-11-26/ECE4261_Project-UDP' since last save.
Scanning sources...
Finished scanning sources
INFO: [IP_Flow 19-234] Refreshing IP repositories
WARNING: [IP_Flow 19-395] Problem validating against XML schema: see 'xilinx:valuePermission' : Unexpected attribute
CRITICAL WARNING: [IP_Flow 19-1977] Unable to read IP file c:/Users/bwedemir/Desktop/ECE4261Project/vivado-library-2018.2-1/vivado-library/ip/Pmods/PmodESP32_v1_0/component.xml. This IP will not be included in the IP Catalog.
WARNING: [IP_Flow 19-395] Problem validating against XML schema: see 'xilinx:valuePermission' : Unexpected attribute
WARNING: [IP_Flow 19-395] Problem validating against XML schema: see 'xilinx:valuePermission' : Unexpected attribute
INFO: [IP_Flow 19-1700] Loaded user IP repository 'c:/Users/bwedemir/Desktop/ECE4261Project/vivado-library-2018.2-1'.
INFO: [IP_Flow 19-1700] Loaded user IP repository 'c:/Users/bwedemir/Desktop/ECE4261Project/ECE4261_Project-UDP2018-11-26-back/blowfish'.
INFO: [IP_Flow 19-2313] Loaded Vivado IP repository 'C:/Xilinx2017.1/Vivado/2017.1/data/ip'.
WARNING: [IP_Flow 19-3664] IP 'design_1_auto_pc_0' generated file not found 'c:/Users/bwedemir/Desktop/ECE4261Project/ECE4261_Project-UDP2018-11-26-back/ECE4261_Project-UDP/Project_V0.2.srcs/sources_1/bd/design_1/ip/design_1_auto_pc_0/stats.txt'. Please regenerate to continue.
open_project: Time (s): cpu = 00:00:14 ; elapsed = 00:00:26 . Memory (MB): peak = 880.371 ; gain = 168.402
update_compile_order -fileset sources_1
open_bd_design {C:/Users/bwedemir/Desktop/ECE4261Project/ECE4261_Project-UDP2018-11-26-back/ECE4261_Project-UDP/Project_V0.2.srcs/sources_1/bd/design_1/design_1.bd}
Adding cell -- xilinx.com:ip:processing_system7:5.5 - processing_system7_0
Adding cell -- xilinx.com:ip:proc_sys_reset:5.0 - rst_ps7_0_100M
Adding cell -- digilentinc.com:IP:PmodKYPD:1.0 - PmodKYPD_1
Adding cell -- xilinx.com:ip:axi_crossbar:2.1 - xbar
Adding cell -- xilinx.com:ip:axi_protocol_converter:2.1 - auto_pc
Successfully read diagram <design_1> from BD file <C:/Users/bwedemir/Desktop/ECE4261Project/ECE4261_Project-UDP2018-11-26-back/ECE4261_Project-UDP/Project_V0.2.srcs/sources_1/bd/design_1/design_1.bd>
open_bd_design: Time (s): cpu = 00:00:07 ; elapsed = 00:00:10 . Memory (MB): peak = 920.215 ; gain = 39.086
startgroup
create_bd_cell -type ip -vlnv sedate:hls:Blowfish_encipher:1.0 Blowfish_encipher_0
endgroup
apply_bd_automation -rule xilinx.com:bd_rule:axi4 -config {Master "/processing_system7_0/M_AXI_GP0" intc_ip "/ps7_0_axi_periph" Clk_xbar "Auto" Clk_master "Auto" Clk_slave "Auto" }  [get_bd_intf_pins Blowfish_encipher_0/s_axi_AXILiteS]
</Blowfish_encipher_0/s_axi_AXILiteS/Reg> is being mapped into </processing_system7_0/Data> at <0x43C00000 [ 64K ]>
regenerate_bd_layout
validate_bd_design
make_wrapper -files [get_files C:/Users/bwedemir/Desktop/ECE4261Project/ECE4261_Project-UDP2018-11-26-back/ECE4261_Project-UDP/Project_V0.2.srcs/sources_1/bd/design_1/design_1.bd] -top
INFO: [BD 41-1662] The design 'design_1.bd' is already validated. Therefore parameter propagation will not be re-run.
Wrote  : <C:/Users/bwedemir/Desktop/ECE4261Project/ECE4261_Project-UDP2018-11-26-back/ECE4261_Project-UDP/Project_V0.2.srcs/sources_1/bd/design_1/design_1.bd> 
VHDL Output written to : C:/Users/bwedemir/Desktop/ECE4261Project/ECE4261_Project-UDP2018-11-26-back/ECE4261_Project-UDP/Project_V0.2.srcs/sources_1/bd/design_1/hdl/design_1.vhd
VHDL Output written to : C:/Users/bwedemir/Desktop/ECE4261Project/ECE4261_Project-UDP2018-11-26-back/ECE4261_Project-UDP/Project_V0.2.srcs/sources_1/bd/design_1/hdl/design_1_wrapper.vhd
save_bd_design
Wrote  : <C:/Users/bwedemir/Desktop/ECE4261Project/ECE4261_Project-UDP2018-11-26-back/ECE4261_Project-UDP/Project_V0.2.srcs/sources_1/bd/design_1/ui/bd_1f5defd0.ui> 
reset_run synth_1
reset_run design_1_xbar_0_synth_1
launch_runs impl_1 -to_step write_bitstream -jobs 4
INFO: [BD 41-1662] The design 'design_1.bd' is already validated. Therefore parameter propagation will not be re-run.
VHDL Output written to : C:/Users/bwedemir/Desktop/ECE4261Project/ECE4261_Project-UDP2018-11-26-back/ECE4261_Project-UDP/Project_V0.2.srcs/sources_1/bd/design_1/hdl/design_1.vhd
VHDL Output written to : C:/Users/bwedemir/Desktop/ECE4261Project/ECE4261_Project-UDP2018-11-26-back/ECE4261_Project-UDP/Project_V0.2.srcs/sources_1/bd/design_1/hdl/design_1_wrapper.vhd
INFO: [BD 41-1029] Generation completed for the IP Integrator block processing_system7_0 .
INFO: [BD 41-1029] Generation completed for the IP Integrator block rst_ps7_0_100M .
INFO: [BD 41-1029] Generation completed for the IP Integrator block PmodKYPD_1 .
INFO: [BD 41-1029] Generation completed for the IP Integrator block ps7_0_axi_periph/xbar .
INFO: [BD 41-1029] Generation completed for the IP Integrator block Blowfish_encipher_0 .
WARNING: [IP_Flow 19-4994] Overwriting existing constraint file 'c:/Users/bwedemir/Desktop/ECE4261Project/ECE4261_Project-UDP2018-11-26-back/ECE4261_Project-UDP/Project_V0.2.srcs/sources_1/bd/design_1/ip/design_1_auto_pc_0/design_1_auto_pc_0_ooc.xdc'
INFO: [BD 41-1029] Generation completed for the IP Integrator block ps7_0_axi_periph/s00_couplers/auto_pc .
Exporting to file C:/Users/bwedemir/Desktop/ECE4261Project/ECE4261_Project-UDP2018-11-26-back/ECE4261_Project-UDP/Project_V0.2.srcs/sources_1/bd/design_1/hw_handoff/design_1.hwh
Generated Block Design Tcl file C:/Users/bwedemir/Desktop/ECE4261Project/ECE4261_Project-UDP2018-11-26-back/ECE4261_Project-UDP/Project_V0.2.srcs/sources_1/bd/design_1/hw_handoff/design_1_bd.tcl
Generated Hardware Definition File C:/Users/bwedemir/Desktop/ECE4261Project/ECE4261_Project-UDP2018-11-26-back/ECE4261_Project-UDP/Project_V0.2.srcs/sources_1/bd/design_1/hdl/design_1.hwdef
INFO: [IP_Flow 19-4993] Using cached IP synthesis design for IP design_1_auto_pc_0, cache-ID = 636076100619ff6f; cache size = 3.142 MB.
[Mon Nov 26 20:39:17 2018] Launched design_1_xbar_0_synth_1, design_1_Blowfish_encipher_0_0_synth_1, synth_1...
Run output will be captured here:
design_1_xbar_0_synth_1: C:/Users/bwedemir/Desktop/ECE4261Project/ECE4261_Project-UDP2018-11-26-back/ECE4261_Project-UDP/Project_V0.2.runs/design_1_xbar_0_synth_1/runme.log
design_1_Blowfish_encipher_0_0_synth_1: C:/Users/bwedemir/Desktop/ECE4261Project/ECE4261_Project-UDP2018-11-26-back/ECE4261_Project-UDP/Project_V0.2.runs/design_1_Blowfish_encipher_0_0_synth_1/runme.log
synth_1: C:/Users/bwedemir/Desktop/ECE4261Project/ECE4261_Project-UDP2018-11-26-back/ECE4261_Project-UDP/Project_V0.2.runs/synth_1/runme.log
[Mon Nov 26 20:39:17 2018] Launched impl_1...
Run output will be captured here: C:/Users/bwedemir/Desktop/ECE4261Project/ECE4261_Project-UDP2018-11-26-back/ECE4261_Project-UDP/Project_V0.2.runs/impl_1/runme.log
launch_runs: Time (s): cpu = 00:00:05 ; elapsed = 00:00:10 . Memory (MB): peak = 1066.188 ; gain = 6.664
file copy -force C:/Users/bwedemir/Desktop/ECE4261Project/ECE4261_Project-UDP2018-11-26-back/ECE4261_Project-UDP/Project_V0.2.runs/impl_1/design_1_wrapper.sysdef C:/Users/bwedemir/Desktop/ECE4261Project/ECE4261_Project-UDP2018-11-26-back/ECE4261_Project-UDP/Project_V0.2.sdk/design_1_wrapper.hdf

launch_sdk -workspace C:/Users/bwedemir/Desktop/ECE4261Project/ECE4261_Project-UDP2018-11-26-back/ECE4261_Project-UDP/Project_V0.2.sdk -hwspec C:/Users/bwedemir/Desktop/ECE4261Project/ECE4261_Project-UDP2018-11-26-back/ECE4261_Project-UDP/Project_V0.2.sdk/design_1_wrapper.hdf
INFO: [Vivado 12-393] Launching SDK...
INFO: [Vivado 12-417] Running xsdk -workspace C:/Users/bwedemir/Desktop/ECE4261Project/ECE4261_Project-UDP2018-11-26-back/ECE4261_Project-UDP/Project_V0.2.sdk -hwspec C:/Users/bwedemir/Desktop/ECE4261Project/ECE4261_Project-UDP2018-11-26-back/ECE4261_Project-UDP/Project_V0.2.sdk/design_1_wrapper.hdf
INFO: [Vivado 12-3157] SDK launch initiated. Please check console for any further messages.
launch_sdk -workspace C:/Users/bwedemir/Desktop/ECE4261Project/ECE4261_Project-UDP2018-11-26-back/ECE4261_Project-UDP/Project_V0.2.sdk -hwspec C:/Users/bwedemir/Desktop/ECE4261Project/ECE4261_Project-UDP2018-11-26-back/ECE4261_Project-UDP/Project_V0.2.sdk/design_1_wrapper.hdf
INFO: [Vivado 12-393] Launching SDK...
INFO: [Vivado 12-417] Running xsdk -workspace C:/Users/bwedemir/Desktop/ECE4261Project/ECE4261_Project-UDP2018-11-26-back/ECE4261_Project-UDP/Project_V0.2.sdk -hwspec C:/Users/bwedemir/Desktop/ECE4261Project/ECE4261_Project-UDP2018-11-26-back/ECE4261_Project-UDP/Project_V0.2.sdk/design_1_wrapper.hdf
INFO: [Vivado 12-3157] SDK launch initiated. Please check console for any further messages.
reset_run impl_1 -prev_step 
launch_runs impl_1 -to_step write_bitstream -jobs 4
[Mon Nov 26 21:06:35 2018] Launched impl_1...
Run output will be captured here: C:/Users/bwedemir/Desktop/ECE4261Project/ECE4261_Project-UDP2018-11-26-back/ECE4261_Project-UDP/Project_V0.2.runs/impl_1/runme.log
reset_run impl_1 -prev_step 
WARNING: [Vivado 12-1017] Problems encountered:
1. PID not specified

make_wrapper -files [get_files C:/Users/bwedemir/Desktop/ECE4261Project/ECE4261_Project-UDP2018-11-26-back/ECE4261_Project-UDP/Project_V0.2.srcs/sources_1/bd/design_1/design_1.bd] -top
launch_runs impl_1 -to_step write_bitstream -jobs 4
[Mon Nov 26 21:07:14 2018] Launched impl_1...
Run output will be captured here: C:/Users/bwedemir/Desktop/ECE4261Project/ECE4261_Project-UDP2018-11-26-back/ECE4261_Project-UDP/Project_V0.2.runs/impl_1/runme.log
reset_run impl_1 -prev_step 
launch_runs impl_1 -to_step write_bitstream -jobs 4
[Mon Nov 26 21:07:56 2018] Launched impl_1...
Run output will be captured here: C:/Users/bwedemir/Desktop/ECE4261Project/ECE4261_Project-UDP2018-11-26-back/ECE4261_Project-UDP/Project_V0.2.runs/impl_1/runme.log
open_run impl_1
INFO: [Netlist 29-17] Analyzing 46 Unisim elements for replacement
INFO: [Netlist 29-28] Unisim Transformation completed in 0 CPU seconds
INFO: [Project 1-479] Netlist was created with Vivado 2017.1
INFO: [Device 21-403] Loading part xc7z010clg400-1
INFO: [Project 1-570] Preparing netlist for logic optimization
Parsing XDC File [C:/Users/bwedemir/Desktop/ECE4261Project/ECE4261_Project-UDP2018-11-26-back/ECE4261_Project-UDP/.Xil/Vivado-16144-FRECE-ITB205-09/dcp11/design_1_wrapper_board.xdc]
Finished Parsing XDC File [C:/Users/bwedemir/Desktop/ECE4261Project/ECE4261_Project-UDP2018-11-26-back/ECE4261_Project-UDP/.Xil/Vivado-16144-FRECE-ITB205-09/dcp11/design_1_wrapper_board.xdc]
Parsing XDC File [C:/Users/bwedemir/Desktop/ECE4261Project/ECE4261_Project-UDP2018-11-26-back/ECE4261_Project-UDP/.Xil/Vivado-16144-FRECE-ITB205-09/dcp11/design_1_wrapper_early.xdc]
Finished Parsing XDC File [C:/Users/bwedemir/Desktop/ECE4261Project/ECE4261_Project-UDP2018-11-26-back/ECE4261_Project-UDP/.Xil/Vivado-16144-FRECE-ITB205-09/dcp11/design_1_wrapper_early.xdc]
Reading XDEF placement.
Reading placer database...
Reading XDEF routing.
Read XDEF File: Time (s): cpu = 00:00:00 ; elapsed = 00:00:00.366 . Memory (MB): peak = 1363.602 ; gain = 9.645
Restored from archive | CPU: 0.000000 secs | Memory: 0.000000 MB |
Finished XDEF File Restore: Time (s): cpu = 00:00:00 ; elapsed = 00:00:00.366 . Memory (MB): peak = 1363.602 ; gain = 9.645
INFO: [Project 1-111] Unisim Transformation Summary:
  A total of 8 instances were transformed.
  IOBUF => IOBUF (IBUF, OBUFT): 8 instances

open_run: Time (s): cpu = 00:00:15 ; elapsed = 00:00:13 . Memory (MB): peak = 1452.023 ; gain = 268.246
file copy -force C:/Users/bwedemir/Desktop/ECE4261Project/ECE4261_Project-UDP2018-11-26-back/ECE4261_Project-UDP/Project_V0.2.runs/impl_1/design_1_wrapper.sysdef C:/Users/bwedemir/Desktop/ECE4261Project/ECE4261_Project-UDP2018-11-26-back/ECE4261_Project-UDP/Project_V0.2.sdk/design_1_wrapper.hdf

launch_sdk -workspace C:/Users/bwedemir/Desktop/ECE4261Project/ECE4261_Project-UDP2018-11-26-back/ECE4261_Project-UDP/Project_V0.2.sdk -hwspec C:/Users/bwedemir/Desktop/ECE4261Project/ECE4261_Project-UDP2018-11-26-back/ECE4261_Project-UDP/Project_V0.2.sdk/design_1_wrapper.hdf
INFO: [Vivado 12-393] Launching SDK...
INFO: [Vivado 12-417] Running xsdk -workspace C:/Users/bwedemir/Desktop/ECE4261Project/ECE4261_Project-UDP2018-11-26-back/ECE4261_Project-UDP/Project_V0.2.sdk -hwspec C:/Users/bwedemir/Desktop/ECE4261Project/ECE4261_Project-UDP2018-11-26-back/ECE4261_Project-UDP/Project_V0.2.sdk/design_1_wrapper.hdf
INFO: [Vivado 12-3157] SDK launch initiated. Please check console for any further messages.
make_wrapper -files [get_files C:/Users/bwedemir/Desktop/ECE4261Project/ECE4261_Project-UDP2018-11-26-back/ECE4261_Project-UDP/Project_V0.2.srcs/sources_1/bd/design_1/design_1.bd] -top
reset_run impl_1 -prev_step 
launch_runs impl_1 -to_step write_bitstream -jobs 4
[Mon Nov 26 21:16:41 2018] Launched impl_1...
Run output will be captured here: C:/Users/bwedemir/Desktop/ECE4261Project/ECE4261_Project-UDP2018-11-26-back/ECE4261_Project-UDP/Project_V0.2.runs/impl_1/runme.log
file copy -force C:/Users/bwedemir/Desktop/ECE4261Project/ECE4261_Project-UDP2018-11-26-back/ECE4261_Project-UDP/Project_V0.2.runs/impl_1/design_1_wrapper.sysdef C:/Users/bwedemir/Desktop/ECE4261Project/ECE4261_Project-UDP2018-11-26-back/ECE4261_Project-UDP/Project_V0.2.sdk/design_1_wrapper.hdf

launch_sdk -workspace C:/Users/bwedemir/Desktop/ECE4261Project/ECE4261_Project-UDP2018-11-26-back/ECE4261_Project-UDP/Project_V0.2.sdk -hwspec C:/Users/bwedemir/Desktop/ECE4261Project/ECE4261_Project-UDP2018-11-26-back/ECE4261_Project-UDP/Project_V0.2.sdk/design_1_wrapper.hdf
INFO: [Vivado 12-393] Launching SDK...
INFO: [Vivado 12-417] Running xsdk -workspace C:/Users/bwedemir/Desktop/ECE4261Project/ECE4261_Project-UDP2018-11-26-back/ECE4261_Project-UDP/Project_V0.2.sdk -hwspec C:/Users/bwedemir/Desktop/ECE4261Project/ECE4261_Project-UDP2018-11-26-back/ECE4261_Project-UDP/Project_V0.2.sdk/design_1_wrapper.hdf
INFO: [Vivado 12-3157] SDK launch initiated. Please check console for any further messages.
exit
INFO: [Common 17-206] Exiting Vivado at Mon Nov 26 22:30:15 2018...
