
*** Running vivado
    with args -log design_1_axi_gpio_0_1.vds -m64 -product Vivado -mode batch -messageDb vivado.pb -notrace -source design_1_axi_gpio_0_1.tcl


****** Vivado v2017.1 (64-bit)
  **** SW Build 1846317 on Fri Apr 14 18:55:03 MDT 2017
  **** IP Build 1846188 on Fri Apr 14 20:52:08 MDT 2017
    ** Copyright 1986-2017 Xilinx, Inc. All Rights Reserved.

source design_1_axi_gpio_0_1.tcl -notrace
Starting RTL Elaboration : Time (s): cpu = 00:00:02 ; elapsed = 00:00:03 . Memory (MB): peak = 401.188 ; gain = 81.152
INFO: [Synth 8-638] synthesizing module 'design_1_axi_gpio_0_1' [c:/Users/bwedemir/Desktop/ECE4261Project/ECE4261_Project-UDP-2018-12-1/ECE4261_Project-UDP/Project_V0.2.srcs/sources_1/bd/design_1/ip/design_1_axi_gpio_0_1/synth/design_1_axi_gpio_0_1.vhd:86]
INFO: [Synth 8-638] synthesizing module 'axi_gpio' [c:/Users/bwedemir/Desktop/ECE4261Project/ECE4261_Project-UDP-2018-12-1/ECE4261_Project-UDP/Project_V0.2.srcs/sources_1/bd/design_1/ipshared/3b45/hdl/axi_gpio_v2_0_vh_rfs.vhd:1257]
INFO: [Synth 8-638] synthesizing module 'axi_lite_ipif' [c:/Users/bwedemir/Desktop/ECE4261Project/ECE4261_Project-UDP-2018-12-1/ECE4261_Project-UDP/Project_V0.2.srcs/sources_1/bd/design_1/ipshared/0ba0/hdl/axi_lite_ipif_v3_0_vh_rfs.vhd:2948]
INFO: [Synth 8-638] synthesizing module 'slave_attachment' [c:/Users/bwedemir/Desktop/ECE4261Project/ECE4261_Project-UDP-2018-12-1/ECE4261_Project-UDP/Project_V0.2.srcs/sources_1/bd/design_1/ipshared/0ba0/hdl/axi_lite_ipif_v3_0_vh_rfs.vhd:2341]
INFO: [Synth 8-638] synthesizing module 'address_decoder' [c:/Users/bwedemir/Desktop/ECE4261Project/ECE4261_Project-UDP-2018-12-1/ECE4261_Project-UDP/Project_V0.2.srcs/sources_1/bd/design_1/ipshared/0ba0/hdl/axi_lite_ipif_v3_0_vh_rfs.vhd:1775]
INFO: [Synth 8-638] synthesizing module 'pselect_f' [c:/Users/bwedemir/Desktop/ECE4261Project/ECE4261_Project-UDP-2018-12-1/ECE4261_Project-UDP/Project_V0.2.srcs/sources_1/bd/design_1/ipshared/0ba0/hdl/axi_lite_ipif_v3_0_vh_rfs.vhd:1534]
INFO: [Synth 8-256] done synthesizing module 'pselect_f' (1#1) [c:/Users/bwedemir/Desktop/ECE4261Project/ECE4261_Project-UDP-2018-12-1/ECE4261_Project-UDP/Project_V0.2.srcs/sources_1/bd/design_1/ipshared/0ba0/hdl/axi_lite_ipif_v3_0_vh_rfs.vhd:1534]
INFO: [Synth 8-638] synthesizing module 'pselect_f__parameterized0' [c:/Users/bwedemir/Desktop/ECE4261Project/ECE4261_Project-UDP-2018-12-1/ECE4261_Project-UDP/Project_V0.2.srcs/sources_1/bd/design_1/ipshared/0ba0/hdl/axi_lite_ipif_v3_0_vh_rfs.vhd:1534]
INFO: [Synth 8-256] done synthesizing module 'pselect_f__parameterized0' (1#1) [c:/Users/bwedemir/Desktop/ECE4261Project/ECE4261_Project-UDP-2018-12-1/ECE4261_Project-UDP/Project_V0.2.srcs/sources_1/bd/design_1/ipshared/0ba0/hdl/axi_lite_ipif_v3_0_vh_rfs.vhd:1534]
INFO: [Synth 8-638] synthesizing module 'pselect_f__parameterized1' [c:/Users/bwedemir/Desktop/ECE4261Project/ECE4261_Project-UDP-2018-12-1/ECE4261_Project-UDP/Project_V0.2.srcs/sources_1/bd/design_1/ipshared/0ba0/hdl/axi_lite_ipif_v3_0_vh_rfs.vhd:1534]
INFO: [Synth 8-256] done synthesizing module 'pselect_f__parameterized1' (1#1) [c:/Users/bwedemir/Desktop/ECE4261Project/ECE4261_Project-UDP-2018-12-1/ECE4261_Project-UDP/Project_V0.2.srcs/sources_1/bd/design_1/ipshared/0ba0/hdl/axi_lite_ipif_v3_0_vh_rfs.vhd:1534]
INFO: [Synth 8-638] synthesizing module 'pselect_f__parameterized2' [c:/Users/bwedemir/Desktop/ECE4261Project/ECE4261_Project-UDP-2018-12-1/ECE4261_Project-UDP/Project_V0.2.srcs/sources_1/bd/design_1/ipshared/0ba0/hdl/axi_lite_ipif_v3_0_vh_rfs.vhd:1534]
INFO: [Synth 8-256] done synthesizing module 'pselect_f__parameterized2' (1#1) [c:/Users/bwedemir/Desktop/ECE4261Project/ECE4261_Project-UDP-2018-12-1/ECE4261_Project-UDP/Project_V0.2.srcs/sources_1/bd/design_1/ipshared/0ba0/hdl/axi_lite_ipif_v3_0_vh_rfs.vhd:1534]
INFO: [Synth 8-256] done synthesizing module 'address_decoder' (2#1) [c:/Users/bwedemir/Desktop/ECE4261Project/ECE4261_Project-UDP-2018-12-1/ECE4261_Project-UDP/Project_V0.2.srcs/sources_1/bd/design_1/ipshared/0ba0/hdl/axi_lite_ipif_v3_0_vh_rfs.vhd:1775]
INFO: [Synth 8-256] done synthesizing module 'slave_attachment' (3#1) [c:/Users/bwedemir/Desktop/ECE4261Project/ECE4261_Project-UDP-2018-12-1/ECE4261_Project-UDP/Project_V0.2.srcs/sources_1/bd/design_1/ipshared/0ba0/hdl/axi_lite_ipif_v3_0_vh_rfs.vhd:2341]
INFO: [Synth 8-256] done synthesizing module 'axi_lite_ipif' (4#1) [c:/Users/bwedemir/Desktop/ECE4261Project/ECE4261_Project-UDP-2018-12-1/ECE4261_Project-UDP/Project_V0.2.srcs/sources_1/bd/design_1/ipshared/0ba0/hdl/axi_lite_ipif_v3_0_vh_rfs.vhd:2948]
INFO: [Synth 8-638] synthesizing module 'GPIO_Core' [c:/Users/bwedemir/Desktop/ECE4261Project/ECE4261_Project-UDP-2018-12-1/ECE4261_Project-UDP/Project_V0.2.srcs/sources_1/bd/design_1/ipshared/3b45/hdl/axi_gpio_v2_0_vh_rfs.vhd:177]
INFO: [Synth 8-638] synthesizing module 'cdc_sync' [c:/Users/bwedemir/Desktop/ECE4261Project/ECE4261_Project-UDP-2018-12-1/ECE4261_Project-UDP/Project_V0.2.srcs/sources_1/bd/design_1/ipshared/52cb/hdl/lib_cdc_v1_0_rfs.vhd:106]
INFO: [Synth 8-256] done synthesizing module 'cdc_sync' (5#1) [c:/Users/bwedemir/Desktop/ECE4261Project/ECE4261_Project-UDP-2018-12-1/ECE4261_Project-UDP/Project_V0.2.srcs/sources_1/bd/design_1/ipshared/52cb/hdl/lib_cdc_v1_0_rfs.vhd:106]
INFO: [Synth 8-256] done synthesizing module 'GPIO_Core' (6#1) [c:/Users/bwedemir/Desktop/ECE4261Project/ECE4261_Project-UDP-2018-12-1/ECE4261_Project-UDP/Project_V0.2.srcs/sources_1/bd/design_1/ipshared/3b45/hdl/axi_gpio_v2_0_vh_rfs.vhd:177]
INFO: [Synth 8-256] done synthesizing module 'axi_gpio' (7#1) [c:/Users/bwedemir/Desktop/ECE4261Project/ECE4261_Project-UDP-2018-12-1/ECE4261_Project-UDP/Project_V0.2.srcs/sources_1/bd/design_1/ipshared/3b45/hdl/axi_gpio_v2_0_vh_rfs.vhd:1257]
INFO: [Synth 8-256] done synthesizing module 'design_1_axi_gpio_0_1' (8#1) [c:/Users/bwedemir/Desktop/ECE4261Project/ECE4261_Project-UDP-2018-12-1/ECE4261_Project-UDP/Project_V0.2.srcs/sources_1/bd/design_1/ip/design_1_axi_gpio_0_1/synth/design_1_axi_gpio_0_1.vhd:86]
Finished RTL Elaboration : Time (s): cpu = 00:00:03 ; elapsed = 00:00:05 . Memory (MB): peak = 443.270 ; gain = 123.234
Finished RTL Optimization Phase 1 : Time (s): cpu = 00:00:03 ; elapsed = 00:00:05 . Memory (MB): peak = 443.270 ; gain = 123.234
INFO: [Device 21-403] Loading part xc7z010clg400-1
Constraint Validation Runtime : Time (s): cpu = 00:00:00 ; elapsed = 00:00:00.085 . Memory (MB): peak = 749.355 ; gain = 0.000
Finished Constraint Validation : Time (s): cpu = 00:00:10 ; elapsed = 00:00:16 . Memory (MB): peak = 749.355 ; gain = 429.320
Finished Loading Part and Timing Information : Time (s): cpu = 00:00:10 ; elapsed = 00:00:16 . Memory (MB): peak = 749.355 ; gain = 429.320
Finished applying 'set_property' XDC Constraints : Time (s): cpu = 00:00:10 ; elapsed = 00:00:16 . Memory (MB): peak = 749.355 ; gain = 429.320
Finished RTL Optimization Phase 2 : Time (s): cpu = 00:00:10 ; elapsed = 00:00:16 . Memory (MB): peak = 749.355 ; gain = 429.320
Finished Cross Boundary and Area Optimization : Time (s): cpu = 00:00:11 ; elapsed = 00:00:17 . Memory (MB): peak = 749.355 ; gain = 429.320
Finished Applying XDC Timing Constraints : Time (s): cpu = 00:00:18 ; elapsed = 00:00:24 . Memory (MB): peak = 749.355 ; gain = 429.320
Finished Timing Optimization : Time (s): cpu = 00:00:19 ; elapsed = 00:00:24 . Memory (MB): peak = 749.355 ; gain = 429.320
Finished Technology Mapping : Time (s): cpu = 00:00:19 ; elapsed = 00:00:25 . Memory (MB): peak = 749.355 ; gain = 429.320
Finished IO Insertion : Time (s): cpu = 00:00:19 ; elapsed = 00:00:25 . Memory (MB): peak = 749.355 ; gain = 429.320
Finished Renaming Generated Instances : Time (s): cpu = 00:00:19 ; elapsed = 00:00:25 . Memory (MB): peak = 749.355 ; gain = 429.320
Finished Rebuilding User Hierarchy : Time (s): cpu = 00:00:19 ; elapsed = 00:00:25 . Memory (MB): peak = 749.355 ; gain = 429.320
Finished Renaming Generated Ports : Time (s): cpu = 00:00:19 ; elapsed = 00:00:25 . Memory (MB): peak = 749.355 ; gain = 429.320
Finished Handling Custom Attributes : Time (s): cpu = 00:00:19 ; elapsed = 00:00:25 . Memory (MB): peak = 749.355 ; gain = 429.320
Finished Renaming Generated Nets : Time (s): cpu = 00:00:19 ; elapsed = 00:00:25 . Memory (MB): peak = 749.355 ; gain = 429.320

Report Cell Usage: 
+------+-----+------+
|      |Cell |Count |
+------+-----+------+
|1     |LUT1 |     2|
|2     |LUT2 |     6|
|3     |LUT3 |     4|
|4     |LUT4 |     3|
|5     |LUT5 |    41|
|6     |LUT6 |     7|
|7     |FDR  |   128|
|8     |FDRE |   181|
|9     |FDSE |    32|
+------+-----+------+
Finished Writing Synthesis Report : Time (s): cpu = 00:00:19 ; elapsed = 00:00:25 . Memory (MB): peak = 749.355 ; gain = 429.320
synth_design: Time (s): cpu = 00:00:21 ; elapsed = 00:00:27 . Memory (MB): peak = 749.355 ; gain = 433.695
