Copyright 1986-2017 Xilinx, Inc. All Rights Reserved.
----------------------------------------------------------------------------------------------------------------------------------------------------------------------
| Tool Version     : Vivado v.2017.1 (win64) Build 1846317 Fri Apr 14 18:55:03 MDT 2017
| Date             : Fri Nov 30 23:36:52 2018
| Host             : FRECE-ITB205-09 running 64-bit major release  (build 9200)
| Command          : report_power -file design_1_wrapper_power_routed.rpt -pb design_1_wrapper_power_summary_routed.pb -rpx design_1_wrapper_power_routed.rpx
| Design           : design_1_wrapper
| Device           : xc7z010clg400-1
| Design State     : routed
| Grade            : commercial
| Process          : typical
| Characterization : Production
----------------------------------------------------------------------------------------------------------------------------------------------------------------------

Power Report

Table of Contents
-----------------
1. Summary
1.1 On-Chip Components
1.2 Power Supply Summary
1.3 Confidence Level
2. Settings
2.1 Environment
2.2 Clock Constraints
3. Detailed Reports
3.1 By Hierarchy

1. Summary
----------

+--------------------------+-------+
| Total On-Chip Power (W)  | 1.725 |
| Dynamic (W)              | 1.593 |
| Device Static (W)        | 0.131 |
| Effective TJA (C/W)      | 11.5  |
| Max Ambient (C)          | 65.1  |
| Junction Temperature (C) | 44.9  |
| Confidence Level         | Low   |
| Setting File             | ---   |
| Simulation Activity File | ---   |
| Design Nets Matched      | NA    |
+--------------------------+-------+


1.1 On-Chip Components
----------------------

+-------------------------+-----------+----------+-----------+-----------------+
| On-Chip                 | Power (W) | Used     | Available | Utilization (%) |
+-------------------------+-----------+----------+-----------+-----------------+
| Clocks                  |     0.007 |        3 |       --- |             --- |
| Slice Logic             |     0.005 |     3778 |       --- |             --- |
|   LUT as Logic          |     0.004 |     1181 |     17600 |            6.71 |
|   Register              |    <0.001 |     1886 |     35200 |            5.36 |
|   CARRY4                |    <0.001 |       58 |      4400 |            1.32 |
|   F7/F8 Muxes           |    <0.001 |        4 |     17600 |            0.02 |
|   LUT as Shift Register |    <0.001 |       62 |      6000 |            1.03 |
|   Others                |     0.000 |      253 |       --- |             --- |
| Signals                 |     0.007 |     3006 |       --- |             --- |
| Block RAM               |     0.015 |        4 |        60 |            6.67 |
| I/O                     |     0.003 |        8 |       100 |            8.00 |
| PS7                     |     1.556 |        1 |       --- |             --- |
| Static Power            |     0.131 |          |           |                 |
| Total                   |     1.725 |          |           |                 |
+-------------------------+-----------+----------+-----------+-----------------+


1.2 Power Supply Summary
------------------------

+-----------+-------------+-----------+-------------+------------+
| Source    | Voltage (V) | Total (A) | Dynamic (A) | Static (A) |
+-----------+-------------+-----------+-------------+------------+
| Vccint    |       1.000 |     0.040 |       0.033 |      0.007 |
| Vccaux    |       1.800 |     0.012 |       0.000 |      0.012 |
| Vcco33    |       3.300 |     0.002 |       0.001 |      0.001 |
| Vcco25    |       2.500 |     0.000 |       0.000 |      0.000 |
| Vcco18    |       1.800 |     0.000 |       0.000 |      0.000 |
| Vcco15    |       1.500 |     0.000 |       0.000 |      0.000 |
| Vcco135   |       1.350 |     0.000 |       0.000 |      0.000 |
| Vcco12    |       1.200 |     0.000 |       0.000 |      0.000 |
| Vccaux_io |       1.800 |     0.000 |       0.000 |      0.000 |
| Vccbram   |       1.000 |     0.002 |       0.001 |      0.001 |
| MGTAVcc   |       1.000 |     0.000 |       0.000 |      0.000 |
| MGTAVtt   |       1.200 |     0.000 |       0.000 |      0.000 |
| MGTVccaux |       1.800 |     0.000 |       0.000 |      0.000 |
| Vccpint   |       1.000 |     0.734 |       0.703 |      0.031 |
| Vccpaux   |       1.800 |     0.085 |       0.074 |      0.010 |
| Vccpll    |       1.800 |     0.017 |       0.014 |      0.003 |
| Vcco_ddr  |       1.500 |     0.458 |       0.456 |      0.002 |
| Vcco_mio0 |       3.300 |     0.003 |       0.002 |      0.001 |
| Vcco_mio1 |       1.800 |     0.004 |       0.003 |      0.001 |
| Vccadc    |       1.800 |     0.020 |       0.000 |      0.020 |
+-----------+-------------+-----------+-------------+------------+


1.3 Confidence Level
--------------------

+-----------------------------+------------+--------------------------------------------------------+------------------------------------------------------------------------------------------------------------+
| User Input Data             | Confidence | Details                                                | Action                                                                                                     |
+-----------------------------+------------+--------------------------------------------------------+------------------------------------------------------------------------------------------------------------+
| Design implementation state | High       | Design is routed                                       |                                                                                                            |
| Clock nodes activity        | High       | User specified more than 95% of clocks                 |                                                                                                            |
| I/O nodes activity          | Low        | More than 75% of inputs are missing user specification | Provide missing input activity with simulation results or by editing the "By Resource Type -> I/Os" view   |
| Internal nodes activity     | Medium     | User specified less than 25% of internal nodes         | Provide missing internal nodes activity with simulation results or by editing the "By Resource Type" views |
| Device models               | High       | Device models are Production                           |                                                                                                            |
|                             |            |                                                        |                                                                                                            |
| Overall confidence level    | Low        |                                                        |                                                                                                            |
+-----------------------------+------------+--------------------------------------------------------+------------------------------------------------------------------------------------------------------------+


2. Settings
-----------

2.1 Environment
---------------

+-----------------------+------------------------+
| Ambient Temp (C)      | 25.0                   |
| ThetaJA (C/W)         | 11.5                   |
| Airflow (LFM)         | 250                    |
| Heat Sink             | none                   |
| ThetaSA (C/W)         | 0.0                    |
| Board Selection       | medium (10"x10")       |
| # of Board Layers     | 8to11 (8 to 11 Layers) |
| Board Temperature (C) | 25.0                   |
+-----------------------+------------------------+


2.2 Clock Constraints
---------------------

+------------+-------------------------------------------------------------+-----------------+
| Clock      | Domain                                                      | Constraint (ns) |
+------------+-------------------------------------------------------------+-----------------+
| clk_fpga_0 | design_1_i/processing_system7_0/inst/FCLK_CLK_unbuffered[0] |            10.0 |
+------------+-------------------------------------------------------------+-----------------+


3. Detailed Reports
-------------------

3.1 By Hierarchy
----------------

+--------------------------------------------------+-----------+
| Name                                             | Power (W) |
+--------------------------------------------------+-----------+
| design_1_wrapper                                 |     1.593 |
|   design_1_i                                     |     1.590 |
|     Blowfish_decipher_0                          |     0.013 |
|       U0                                         |     0.013 |
|         Blowfish_decipher_AXILiteS_s_axi_U       |     0.002 |
|         P_U                                      |    <0.001 |
|           Blowfish_decipher_P_rom_U              |    <0.001 |
|         S_0_U                                    |     0.002 |
|           Blowfish_decipherbkb_rom_U             |     0.002 |
|         S_1_U                                    |     0.002 |
|           Blowfish_deciphercud_rom_U             |     0.002 |
|         S_2_U                                    |     0.002 |
|           Blowfish_decipherdEe_rom_U             |     0.002 |
|         S_3_U                                    |     0.003 |
|           Blowfish_deciphereOg_rom_U             |     0.003 |
|     Blowfish_encipher_0                          |     0.013 |
|       U0                                         |     0.013 |
|         Blowfish_encipher_AXILiteS_s_axi_U       |     0.001 |
|         P_U                                      |    <0.001 |
|           Blowfish_encipher_P_rom_U              |    <0.001 |
|         S_0_U                                    |     0.003 |
|           Blowfish_encipherbkb_rom_U             |     0.003 |
|         S_1_U                                    |     0.002 |
|           Blowfish_enciphercud_rom_U             |     0.002 |
|         S_2_U                                    |     0.002 |
|           Blowfish_encipherdEe_rom_U             |     0.002 |
|         S_3_U                                    |     0.003 |
|           Blowfish_enciphereOg_rom_U             |     0.003 |
|     PmodKYPD_0                                   |    <0.001 |
|       inst                                       |    <0.001 |
|         axi_gpio_0                               |    <0.001 |
|           U0                                     |    <0.001 |
|             AXI_LITE_IPIF_I                      |    <0.001 |
|               I_SLAVE_ATTACHMENT                 |    <0.001 |
|                 I_DECODER                        |    <0.001 |
|             gpio_core_1                          |    <0.001 |
|               Not_Dual.INPUT_DOUBLE_REGS3        |    <0.001 |
|         pmod_bridge_0                            |     0.000 |
|           inst                                   |     0.000 |
|         xlconcat_0                               |     0.000 |
|         xlslice_o_0                              |     0.000 |
|         xlslice_o_1                              |     0.000 |
|         xlslice_t_0                              |     0.000 |
|         xlslice_t_1                              |     0.000 |
|     axi_gpio_0                                   |     0.002 |
|       U0                                         |     0.002 |
|         AXI_LITE_IPIF_I                          |    <0.001 |
|           I_SLAVE_ATTACHMENT                     |    <0.001 |
|             I_DECODER                            |    <0.001 |
|         gpio_core_1                              |     0.001 |
|           Not_Dual.INPUT_DOUBLE_REGS3            |    <0.001 |
|     c_counter_binary_0                           |    <0.001 |
|       U0                                         |    <0.001 |
|         i_synth                                  |    <0.001 |
|           i_baseblox.i_baseblox_counter          |    <0.001 |
|             the_addsub                           |    <0.001 |
|               no_pipelining.the_addsub           |    <0.001 |
|                 i_lut6.i_lut6_addsub             |    <0.001 |
|                   i_q.i_simple.qreg              |    <0.001 |
|     processing_system7_0                         |     1.557 |
|       inst                                       |     1.557 |
|     ps7_0_axi_periph                             |     0.005 |
|       s00_couplers                               |     0.004 |
|         auto_pc                                  |     0.004 |
|           inst                                   |     0.004 |
|             gen_axilite.gen_b2s_conv.axilite_b2s |     0.004 |
|               RD.ar_channel_0                    |    <0.001 |
|                 ar_cmd_fsm_0                     |    <0.001 |
|                 cmd_translator_0                 |    <0.001 |
|                   incr_cmd_0                     |    <0.001 |
|                   wrap_cmd_0                     |    <0.001 |
|               RD.r_channel_0                     |    <0.001 |
|                 rd_data_fifo_0                   |    <0.001 |
|                 transaction_fifo_0               |    <0.001 |
|               SI_REG                             |     0.002 |
|                 ar_pipe                          |    <0.001 |
|                 aw_pipe                          |    <0.001 |
|                 b_pipe                           |    <0.001 |
|                 r_pipe                           |    <0.001 |
|               WR.aw_channel_0                    |    <0.001 |
|                 aw_cmd_fsm_0                     |    <0.001 |
|                 cmd_translator_0                 |    <0.001 |
|                   incr_cmd_0                     |    <0.001 |
|                   wrap_cmd_0                     |    <0.001 |
|               WR.b_channel_0                     |    <0.001 |
|                 bid_fifo_0                       |    <0.001 |
|                 bresp_fifo_0                     |    <0.001 |
|       xbar                                       |    <0.001 |
|         inst                                     |    <0.001 |
|           gen_sasd.crossbar_sasd_0               |    <0.001 |
|             addr_arbiter_inst                    |    <0.001 |
|             gen_decerr.decerr_slave_inst         |    <0.001 |
|             reg_slice_r                          |    <0.001 |
|             splitter_ar                          |    <0.001 |
|             splitter_aw                          |    <0.001 |
|     rst_ps7_0_100M                               |    <0.001 |
|       U0                                         |    <0.001 |
|         EXT_LPF                                  |    <0.001 |
|           ACTIVE_LOW_EXT.ACT_LO_EXT              |    <0.001 |
|         SEQ                                      |    <0.001 |
|           SEQ_COUNTER                            |    <0.001 |
|   ja_pin10_iobuf                                 |    <0.001 |
|   ja_pin1_iobuf                                  |    <0.001 |
|   ja_pin2_iobuf                                  |    <0.001 |
|   ja_pin3_iobuf                                  |    <0.001 |
|   ja_pin4_iobuf                                  |    <0.001 |
|   ja_pin7_iobuf                                  |    <0.001 |
|   ja_pin8_iobuf                                  |    <0.001 |
|   ja_pin9_iobuf                                  |    <0.001 |
+--------------------------------------------------+-----------+


