
*** Running vivado
    with args -log design_1_wrapper.vdi -applog -m64 -product Vivado -messageDb vivado.pb -mode batch -source design_1_wrapper.tcl -notrace


****** Vivado v2017.1 (64-bit)
  **** SW Build 1846317 on Fri Apr 14 18:55:03 MDT 2017
  **** IP Build 1846188 on Fri Apr 14 20:52:08 MDT 2017
    ** Copyright 1986-2017 Xilinx, Inc. All Rights Reserved.

source design_1_wrapper.tcl -notrace
INFO: [IP_Flow 19-234] Refreshing IP repositories
WARNING: [IP_Flow 19-395] Problem validating against XML schema: see 'xilinx:valuePermission' : Unexpected attribute
CRITICAL WARNING: [IP_Flow 19-1977] Unable to read IP file c:/Users/bwedemir/Downloads/vivado-library-2018.2-1/vivado-library/ip/Pmods/PmodESP32_v1_0/component.xml. This IP will not be included in the IP Catalog.
WARNING: [IP_Flow 19-395] Problem validating against XML schema: see 'xilinx:valuePermission' : Unexpected attribute
WARNING: [IP_Flow 19-395] Problem validating against XML schema: see 'xilinx:valuePermission' : Unexpected attribute
INFO: [IP_Flow 19-1700] Loaded user IP repository 'c:/Users/bwedemir/Downloads/vivado-library-2018.2-1'.
INFO: [IP_Flow 19-2313] Loaded Vivado IP repository 'C:/Xilinx2017.1/Vivado/2017.1/data/ip'.
add_files: Time (s): cpu = 00:00:03 ; elapsed = 00:00:05 . Memory (MB): peak = 335.398 ; gain = 44.996
Design is defaulting to srcset: sources_1
Design is defaulting to constrset: constrs_1
INFO: [Project 1-454] Reading design checkpoint 'c:/Users/bwedemir/Downloads/ECE4261_Project-Keypad/ECE4261_Project-Keypad/Project_V0.2.srcs/sources_1/bd/design_1/ip/design_1_PmodKYPD_1_0/design_1_PmodKYPD_1_0.dcp' for cell 'design_1_i/PmodKYPD_1'
INFO: [Project 1-454] Reading design checkpoint 'c:/Users/bwedemir/Downloads/ECE4261_Project-Keypad/ECE4261_Project-Keypad/Project_V0.2.srcs/sources_1/bd/design_1/ip/design_1_processing_system7_0_0/design_1_processing_system7_0_0.dcp' for cell 'design_1_i/processing_system7_0'
INFO: [Project 1-454] Reading design checkpoint 'c:/Users/bwedemir/Downloads/ECE4261_Project-Keypad/ECE4261_Project-Keypad/Project_V0.2.srcs/sources_1/bd/design_1/ip/design_1_rst_ps7_0_100M_0/design_1_rst_ps7_0_100M_0.dcp' for cell 'design_1_i/rst_ps7_0_100M'
INFO: [Project 1-454] Reading design checkpoint 'c:/Users/bwedemir/Downloads/ECE4261_Project-Keypad/ECE4261_Project-Keypad/Project_V0.2.srcs/sources_1/bd/design_1/ip/design_1_auto_pc_0/design_1_auto_pc_0.dcp' for cell 'design_1_i/ps7_0_axi_periph/s00_couplers/auto_pc'
INFO: [Netlist 29-17] Analyzing 26 Unisim elements for replacement
INFO: [Netlist 29-28] Unisim Transformation completed in 0 CPU seconds
INFO: [Project 1-479] Netlist was created with Vivado 2017.1
INFO: [Device 21-403] Loading part xc7z010clg400-1
INFO: [Project 1-570] Preparing netlist for logic optimization
Parsing XDC File [c:/Users/bwedemir/Downloads/ECE4261_Project-Keypad/ECE4261_Project-Keypad/Project_V0.2.srcs/sources_1/bd/design_1/ip/design_1_processing_system7_0_0/design_1_processing_system7_0_0.xdc] for cell 'design_1_i/processing_system7_0/inst'
Finished Parsing XDC File [c:/Users/bwedemir/Downloads/ECE4261_Project-Keypad/ECE4261_Project-Keypad/Project_V0.2.srcs/sources_1/bd/design_1/ip/design_1_processing_system7_0_0/design_1_processing_system7_0_0.xdc] for cell 'design_1_i/processing_system7_0/inst'
Parsing XDC File [c:/Users/bwedemir/Downloads/ECE4261_Project-Keypad/ECE4261_Project-Keypad/Project_V0.2.srcs/sources_1/bd/design_1/ip/design_1_rst_ps7_0_100M_0/design_1_rst_ps7_0_100M_0_board.xdc] for cell 'design_1_i/rst_ps7_0_100M/U0'
Finished Parsing XDC File [c:/Users/bwedemir/Downloads/ECE4261_Project-Keypad/ECE4261_Project-Keypad/Project_V0.2.srcs/sources_1/bd/design_1/ip/design_1_rst_ps7_0_100M_0/design_1_rst_ps7_0_100M_0_board.xdc] for cell 'design_1_i/rst_ps7_0_100M/U0'
Parsing XDC File [c:/Users/bwedemir/Downloads/ECE4261_Project-Keypad/ECE4261_Project-Keypad/Project_V0.2.srcs/sources_1/bd/design_1/ip/design_1_rst_ps7_0_100M_0/design_1_rst_ps7_0_100M_0.xdc] for cell 'design_1_i/rst_ps7_0_100M/U0'
Finished Parsing XDC File [c:/Users/bwedemir/Downloads/ECE4261_Project-Keypad/ECE4261_Project-Keypad/Project_V0.2.srcs/sources_1/bd/design_1/ip/design_1_rst_ps7_0_100M_0/design_1_rst_ps7_0_100M_0.xdc] for cell 'design_1_i/rst_ps7_0_100M/U0'
Parsing XDC File [c:/Users/bwedemir/Downloads/ECE4261_Project-Keypad/ECE4261_Project-Keypad/Project_V0.2.srcs/sources_1/bd/design_1/ip/design_1_PmodKYPD_1_0/src/PmodKYPD_pmod_bridge_0_0/PmodKYPD_pmod_bridge_0_0_board.xdc] for cell 'design_1_i/PmodKYPD_1/inst/pmod_bridge_0/inst'
Finished Parsing XDC File [c:/Users/bwedemir/Downloads/ECE4261_Project-Keypad/ECE4261_Project-Keypad/Project_V0.2.srcs/sources_1/bd/design_1/ip/design_1_PmodKYPD_1_0/src/PmodKYPD_pmod_bridge_0_0/PmodKYPD_pmod_bridge_0_0_board.xdc] for cell 'design_1_i/PmodKYPD_1/inst/pmod_bridge_0/inst'
Parsing XDC File [c:/Users/bwedemir/Downloads/ECE4261_Project-Keypad/ECE4261_Project-Keypad/Project_V0.2.srcs/sources_1/bd/design_1/ip/design_1_PmodKYPD_1_0/src/PmodKYPD_axi_gpio_0_0/PmodKYPD_axi_gpio_0_0_board.xdc] for cell 'design_1_i/PmodKYPD_1/inst/axi_gpio_0/U0'
Finished Parsing XDC File [c:/Users/bwedemir/Downloads/ECE4261_Project-Keypad/ECE4261_Project-Keypad/Project_V0.2.srcs/sources_1/bd/design_1/ip/design_1_PmodKYPD_1_0/src/PmodKYPD_axi_gpio_0_0/PmodKYPD_axi_gpio_0_0_board.xdc] for cell 'design_1_i/PmodKYPD_1/inst/axi_gpio_0/U0'
Parsing XDC File [c:/Users/bwedemir/Downloads/ECE4261_Project-Keypad/ECE4261_Project-Keypad/Project_V0.2.srcs/sources_1/bd/design_1/ip/design_1_PmodKYPD_1_0/src/PmodKYPD_axi_gpio_0_0/PmodKYPD_axi_gpio_0_0.xdc] for cell 'design_1_i/PmodKYPD_1/inst/axi_gpio_0/U0'
Finished Parsing XDC File [c:/Users/bwedemir/Downloads/ECE4261_Project-Keypad/ECE4261_Project-Keypad/Project_V0.2.srcs/sources_1/bd/design_1/ip/design_1_PmodKYPD_1_0/src/PmodKYPD_axi_gpio_0_0/PmodKYPD_axi_gpio_0_0.xdc] for cell 'design_1_i/PmodKYPD_1/inst/axi_gpio_0/U0'
Parsing XDC File [c:/Users/bwedemir/Downloads/ECE4261_Project-Keypad/ECE4261_Project-Keypad/Project_V0.2.srcs/sources_1/bd/design_1/ip/design_1_PmodKYPD_1_0/design_1_PmodKYPD_1_0_board.xdc] for cell 'design_1_i/PmodKYPD_1/inst'
Finished Parsing XDC File [c:/Users/bwedemir/Downloads/ECE4261_Project-Keypad/ECE4261_Project-Keypad/Project_V0.2.srcs/sources_1/bd/design_1/ip/design_1_PmodKYPD_1_0/design_1_PmodKYPD_1_0_board.xdc] for cell 'design_1_i/PmodKYPD_1/inst'
INFO: [Opt 31-138] Pushed 0 inverter(s) to 0 load pin(s).
INFO: [Project 1-111] Unisim Transformation Summary:
  A total of 8 instances were transformed.
  IOBUF => IOBUF (IBUF, OBUFT): 8 instances

link_design: Time (s): cpu = 00:00:06 ; elapsed = 00:00:10 . Memory (MB): peak = 625.922 ; gain = 290.523
Command: opt_design
Attempting to get a license for feature 'Implementation' and/or device 'xc7z010-clg400'
INFO: [Common 17-349] Got license for feature 'Implementation' and/or device 'xc7z010-clg400'
Running DRC as a precondition to command opt_design

Starting DRC Task
Command: report_drc (run_mandatory_drcs) for: opt_checks
INFO: [DRC 23-27] Running DRC with 2 threads
report_drc (run_mandatory_drcs) completed successfully
INFO: [Project 1-461] DRC finished with 0 Errors
INFO: [Project 1-462] Please refer to the DRC report (report_drc) for more information.

Time (s): cpu = 00:00:00 ; elapsed = 00:00:00.588 . Memory (MB): peak = 637.566 ; gain = 11.645
INFO: [Timing 38-35] Done setting XDC timing constraints.

Starting Logic Optimization Task

Phase 1 Retarget
INFO: [Opt 31-138] Pushed 0 inverter(s) to 0 load pin(s).
INFO: [Opt 31-49] Retargeted 0 cell(s).
Phase 1 Retarget | Checksum: 215691230

Time (s): cpu = 00:00:01 ; elapsed = 00:00:00.338 . Memory (MB): peak = 1107.793 ; gain = 0.000
INFO: [Opt 31-389] Phase Retarget created 0 cells and removed 60 cells

Phase 2 Constant propagation
INFO: [Opt 31-138] Pushed 0 inverter(s) to 0 load pin(s).
Phase 2 Constant propagation | Checksum: 17b228fbc

Time (s): cpu = 00:00:01 ; elapsed = 00:00:00.409 . Memory (MB): peak = 1107.793 ; gain = 0.000
INFO: [Opt 31-389] Phase Constant propagation created 4 cells and removed 12 cells

Phase 3 Sweep
Phase 3 Sweep | Checksum: 155c37003

Time (s): cpu = 00:00:01 ; elapsed = 00:00:00.695 . Memory (MB): peak = 1107.793 ; gain = 0.000
INFO: [Opt 31-389] Phase Sweep created 0 cells and removed 260 cells

Phase 4 BUFG optimization
Phase 4 BUFG optimization | Checksum: 155c37003

Time (s): cpu = 00:00:01 ; elapsed = 00:00:00.757 . Memory (MB): peak = 1107.793 ; gain = 0.000
INFO: [Opt 31-389] Phase BUFG optimization created 0 cells and removed 0 cells

Phase 5 Shift Register Optimization
Phase 5 Shift Register Optimization | Checksum: 155c37003

Time (s): cpu = 00:00:01 ; elapsed = 00:00:00.763 . Memory (MB): peak = 1107.793 ; gain = 0.000
INFO: [Opt 31-389] Phase Shift Register Optimization created 0 cells and removed 0 cells

Starting Connectivity Check Task

Time (s): cpu = 00:00:00 ; elapsed = 00:00:00.003 . Memory (MB): peak = 1107.793 ; gain = 0.000
Ending Logic Optimization Task | Checksum: 155c37003

Time (s): cpu = 00:00:01 ; elapsed = 00:00:00.773 . Memory (MB): peak = 1107.793 ; gain = 0.000

Starting Power Optimization Task
INFO: [Pwropt 34-132] Skipping clock gating for clocks with a period < 2.00 ns.
Ending Power Optimization Task | Checksum: 1ad19a5db

Time (s): cpu = 00:00:00 ; elapsed = 00:00:00.055 . Memory (MB): peak = 1107.793 ; gain = 0.000
28 Infos, 3 Warnings, 1 Critical Warnings and 0 Errors encountered.
opt_design completed successfully
opt_design: Time (s): cpu = 00:00:09 ; elapsed = 00:00:11 . Memory (MB): peak = 1107.793 ; gain = 481.871
Writing placer database...
Writing XDEF routing.
Writing XDEF routing logical nets.
Writing XDEF routing special nets.
Write XDEF Complete: Time (s): cpu = 00:00:00 ; elapsed = 00:00:00.088 . Memory (MB): peak = 1107.793 ; gain = 0.000
INFO: [Common 17-1381] The checkpoint 'C:/Users/bwedemir/Downloads/ECE4261_Project-Keypad/ECE4261_Project-Keypad/Project_V0.2.runs/impl_1/design_1_wrapper_opt.dcp' has been generated.
Command: report_drc -file design_1_wrapper_drc_opted.rpt
INFO: [DRC 23-27] Running DRC with 2 threads
INFO: [Coretcl 2-168] The results of DRC are in file C:/Users/bwedemir/Downloads/ECE4261_Project-Keypad/ECE4261_Project-Keypad/Project_V0.2.runs/impl_1/design_1_wrapper_drc_opted.rpt.
report_drc completed successfully
INFO: [Chipscope 16-241] No debug cores found in the current design.
Before running the implement_debug_core command, either use the Set Up Debug wizard (GUI mode)
or use the create_debug_core and connect_debug_core Tcl commands to insert debug cores into the design.
Command: place_design
Attempting to get a license for feature 'Implementation' and/or device 'xc7z010-clg400'
INFO: [Common 17-349] Got license for feature 'Implementation' and/or device 'xc7z010-clg400'
Command: report_drc (run_mandatory_drcs) for: incr_eco_checks
INFO: [DRC 23-27] Running DRC with 2 threads
report_drc (run_mandatory_drcs) completed successfully
INFO: [Vivado_Tcl 4-198] DRC finished with 0 Errors
INFO: [Vivado_Tcl 4-199] Please refer to the DRC report (report_drc) for more information.
Running DRC as a precondition to command place_design
Command: report_drc (run_mandatory_drcs) for: placer_checks
INFO: [DRC 23-27] Running DRC with 2 threads
report_drc (run_mandatory_drcs) completed successfully
INFO: [Vivado_Tcl 4-198] DRC finished with 0 Errors
INFO: [Vivado_Tcl 4-199] Please refer to the DRC report (report_drc) for more information.

Starting Placer Task
INFO: [Place 30-611] Multithreading enabled for place_design using a maximum of 2 CPUs

Phase 1 Placer Initialization

Phase 1.1 Placer Initialization Netlist Sorting
Netlist sorting complete. Time (s): cpu = 00:00:00 ; elapsed = 00:00:00.003 . Memory (MB): peak = 1107.793 ; gain = 0.000
Phase 1.1 Placer Initialization Netlist Sorting | Checksum: d21cb6d6

Time (s): cpu = 00:00:00 ; elapsed = 00:00:00.078 . Memory (MB): peak = 1107.793 ; gain = 0.000
INFO: [Timing 38-35] Done setting XDC timing constraints.
INFO: [Opt 31-138] Pushed 0 inverter(s) to 0 load pin(s).
Netlist sorting complete. Time (s): cpu = 00:00:00 ; elapsed = 00:00:00.002 . Memory (MB): peak = 1107.793 ; gain = 0.000

Phase 1.2 IO Placement/ Clock Placement/ Build Placer Device
INFO: [Timing 38-35] Done setting XDC timing constraints.
Phase 1.2 IO Placement/ Clock Placement/ Build Placer Device | Checksum: a84fd726

Time (s): cpu = 00:00:01 ; elapsed = 00:00:02 . Memory (MB): peak = 1107.793 ; gain = 0.000

Phase 1.3 Build Placer Netlist Model
Phase 1.3 Build Placer Netlist Model | Checksum: 164fe6803

Time (s): cpu = 00:00:02 ; elapsed = 00:00:02 . Memory (MB): peak = 1107.793 ; gain = 0.000

Phase 1.4 Constrain Clocks/Macros
Phase 1.4 Constrain Clocks/Macros | Checksum: 164fe6803

Time (s): cpu = 00:00:02 ; elapsed = 00:00:02 . Memory (MB): peak = 1107.793 ; gain = 0.000
Phase 1 Placer Initialization | Checksum: 164fe6803

Time (s): cpu = 00:00:02 ; elapsed = 00:00:02 . Memory (MB): peak = 1107.793 ; gain = 0.000

Phase 2 Global Placement
Phase 2 Global Placement | Checksum: b57848b4

Time (s): cpu = 00:00:03 ; elapsed = 00:00:03 . Memory (MB): peak = 1107.793 ; gain = 0.000

Phase 3 Detail Placement

Phase 3.1 Commit Multi Column Macros
Phase 3.1 Commit Multi Column Macros | Checksum: b57848b4

Time (s): cpu = 00:00:03 ; elapsed = 00:00:03 . Memory (MB): peak = 1107.793 ; gain = 0.000

Phase 3.2 Commit Most Macros & LUTRAMs
Phase 3.2 Commit Most Macros & LUTRAMs | Checksum: 12d3db6e2

Time (s): cpu = 00:00:03 ; elapsed = 00:00:03 . Memory (MB): peak = 1107.793 ; gain = 0.000

Phase 3.3 Area Swap Optimization
Phase 3.3 Area Swap Optimization | Checksum: 16a703821

Time (s): cpu = 00:00:03 ; elapsed = 00:00:03 . Memory (MB): peak = 1107.793 ; gain = 0.000

Phase 3.4 Pipeline Register Optimization
Phase 3.4 Pipeline Register Optimization | Checksum: 16a703821

Time (s): cpu = 00:00:03 ; elapsed = 00:00:03 . Memory (MB): peak = 1107.793 ; gain = 0.000

Phase 3.5 Timing Path Optimizer
Phase 3.5 Timing Path Optimizer | Checksum: 11ac697d7

Time (s): cpu = 00:00:03 ; elapsed = 00:00:03 . Memory (MB): peak = 1107.793 ; gain = 0.000

Phase 3.6 Small Shape Detail Placement
Phase 3.6 Small Shape Detail Placement | Checksum: 17a5b2223

Time (s): cpu = 00:00:03 ; elapsed = 00:00:03 . Memory (MB): peak = 1107.793 ; gain = 0.000

Phase 3.7 Re-assign LUT pins
Phase 3.7 Re-assign LUT pins | Checksum: 18b940b16

Time (s): cpu = 00:00:03 ; elapsed = 00:00:03 . Memory (MB): peak = 1107.793 ; gain = 0.000

Phase 3.8 Pipeline Register Optimization
Phase 3.8 Pipeline Register Optimization | Checksum: 18b940b16

Time (s): cpu = 00:00:03 ; elapsed = 00:00:03 . Memory (MB): peak = 1107.793 ; gain = 0.000
Phase 3 Detail Placement | Checksum: 18b940b16

Time (s): cpu = 00:00:03 ; elapsed = 00:00:03 . Memory (MB): peak = 1107.793 ; gain = 0.000

Phase 4 Post Placement Optimization and Clean-Up

Phase 4.1 Post Commit Optimization
INFO: [Timing 38-35] Done setting XDC timing constraints.

Phase 4.1.1 Post Placement Optimization
Post Placement Optimization Initialization | Checksum: 1283aff2e

Phase 4.1.1.1 BUFG Insertion
INFO: [Physopt 32-721] Multithreading enabled for phys_opt_design using a maximum of 2 CPUs
INFO: [Place 46-41] BUFG insertion identified 0 candidate nets, 0 success, 0 skipped for placement/routing, 0 skipped for timing, 0 skipped for netlist change reason.
Phase 4.1.1.1 BUFG Insertion | Checksum: 1283aff2e

Time (s): cpu = 00:00:04 ; elapsed = 00:00:04 . Memory (MB): peak = 1109.648 ; gain = 1.855
INFO: [Place 30-746] Post Placement Timing Summary WNS=3.770. For the most accurate timing information please run report_timing.
Phase 4.1.1 Post Placement Optimization | Checksum: 17ebccc55

Time (s): cpu = 00:00:04 ; elapsed = 00:00:04 . Memory (MB): peak = 1109.648 ; gain = 1.855
Phase 4.1 Post Commit Optimization | Checksum: 17ebccc55

Time (s): cpu = 00:00:04 ; elapsed = 00:00:04 . Memory (MB): peak = 1109.648 ; gain = 1.855

Phase 4.2 Post Placement Cleanup
Phase 4.2 Post Placement Cleanup | Checksum: 17ebccc55

Time (s): cpu = 00:00:04 ; elapsed = 00:00:04 . Memory (MB): peak = 1109.648 ; gain = 1.855

Phase 4.3 Placer Reporting
Phase 4.3 Placer Reporting | Checksum: 17ebccc55

Time (s): cpu = 00:00:04 ; elapsed = 00:00:04 . Memory (MB): peak = 1109.648 ; gain = 1.855

Phase 4.4 Final Placement Cleanup
Phase 4.4 Final Placement Cleanup | Checksum: 24ee49e09

Time (s): cpu = 00:00:04 ; elapsed = 00:00:04 . Memory (MB): peak = 1109.648 ; gain = 1.855
Phase 4 Post Placement Optimization and Clean-Up | Checksum: 24ee49e09

Time (s): cpu = 00:00:04 ; elapsed = 00:00:04 . Memory (MB): peak = 1109.648 ; gain = 1.855
Ending Placer Task | Checksum: 15b63d3ab

Time (s): cpu = 00:00:04 ; elapsed = 00:00:04 . Memory (MB): peak = 1109.648 ; gain = 1.855
47 Infos, 3 Warnings, 1 Critical Warnings and 0 Errors encountered.
place_design completed successfully
Writing placer database...
Writing XDEF routing.
Writing XDEF routing logical nets.
Writing XDEF routing special nets.
Write XDEF Complete: Time (s): cpu = 00:00:00 ; elapsed = 00:00:00.119 . Memory (MB): peak = 1109.703 ; gain = 0.055
INFO: [Common 17-1381] The checkpoint 'C:/Users/bwedemir/Downloads/ECE4261_Project-Keypad/ECE4261_Project-Keypad/Project_V0.2.runs/impl_1/design_1_wrapper_placed.dcp' has been generated.
report_io: Time (s): cpu = 00:00:01 ; elapsed = 00:00:00.056 . Memory (MB): peak = 1117.410 ; gain = 3.637
report_utilization: Time (s): cpu = 00:00:00 ; elapsed = 00:00:00.019 . Memory (MB): peak = 1117.410 ; gain = 0.000
report_control_sets: Time (s): cpu = 00:00:00 ; elapsed = 00:00:00.005 . Memory (MB): peak = 1117.410 ; gain = 0.000
Command: route_design
Attempting to get a license for feature 'Implementation' and/or device 'xc7z010-clg400'
INFO: [Common 17-349] Got license for feature 'Implementation' and/or device 'xc7z010-clg400'
Running DRC as a precondition to command route_design
Command: report_drc (run_mandatory_drcs) for: router_checks
INFO: [DRC 23-27] Running DRC with 2 threads
report_drc (run_mandatory_drcs) completed successfully
INFO: [Vivado_Tcl 4-198] DRC finished with 0 Errors
INFO: [Vivado_Tcl 4-199] Please refer to the DRC report (report_drc) for more information.


Starting Routing Task
INFO: [Route 35-254] Multithreading enabled for route_design using a maximum of 2 CPUs
Checksum: PlaceDB: 5f32f2cc ConstDB: 0 ShapeSum: fc30e0df RouteDB: 0

Phase 1 Build RT Design
Phase 1 Build RT Design | Checksum: 132d02ac6

Time (s): cpu = 00:00:10 ; elapsed = 00:00:08 . Memory (MB): peak = 1199.418 ; gain = 79.887

Phase 2 Router Initialization

Phase 2.1 Create Timer
Phase 2.1 Create Timer | Checksum: 132d02ac6

Time (s): cpu = 00:00:10 ; elapsed = 00:00:08 . Memory (MB): peak = 1199.418 ; gain = 79.887

Phase 2.2 Fix Topology Constraints
Phase 2.2 Fix Topology Constraints | Checksum: 132d02ac6

Time (s): cpu = 00:00:10 ; elapsed = 00:00:09 . Memory (MB): peak = 1199.418 ; gain = 79.887

Phase 2.3 Pre Route Cleanup
Phase 2.3 Pre Route Cleanup | Checksum: 132d02ac6

Time (s): cpu = 00:00:10 ; elapsed = 00:00:09 . Memory (MB): peak = 1199.418 ; gain = 79.887
 Number of Nodes with overlaps = 0

Phase 2.4 Update Timing
Phase 2.4 Update Timing | Checksum: 1d8dc0462

Time (s): cpu = 00:00:10 ; elapsed = 00:00:09 . Memory (MB): peak = 1199.418 ; gain = 79.887
INFO: [Route 35-416] Intermediate Timing Summary | WNS=3.775  | TNS=0.000  | WHS=-0.189 | THS=-13.044|

Phase 2 Router Initialization | Checksum: 158ddc5b2

Time (s): cpu = 00:00:10 ; elapsed = 00:00:09 . Memory (MB): peak = 1199.418 ; gain = 79.887

Phase 3 Initial Routing
Phase 3 Initial Routing | Checksum: 1e9dbac2b

Time (s): cpu = 00:00:11 ; elapsed = 00:00:09 . Memory (MB): peak = 1199.418 ; gain = 79.887

Phase 4 Rip-up And Reroute

Phase 4.1 Global Iteration 0
 Number of Nodes with overlaps = 56
 Number of Nodes with overlaps = 0
INFO: [Route 35-416] Intermediate Timing Summary | WNS=3.376  | TNS=0.000  | WHS=N/A    | THS=N/A    |

Phase 4.1 Global Iteration 0 | Checksum: d5438e26

Time (s): cpu = 00:00:11 ; elapsed = 00:00:09 . Memory (MB): peak = 1199.418 ; gain = 79.887

Phase 4.2 Global Iteration 1
 Number of Nodes with overlaps = 0
INFO: [Route 35-416] Intermediate Timing Summary | WNS=3.376  | TNS=0.000  | WHS=N/A    | THS=N/A    |

Phase 4.2 Global Iteration 1 | Checksum: 15b0f2df5

Time (s): cpu = 00:00:11 ; elapsed = 00:00:09 . Memory (MB): peak = 1199.418 ; gain = 79.887
Phase 4 Rip-up And Reroute | Checksum: 15b0f2df5

Time (s): cpu = 00:00:11 ; elapsed = 00:00:09 . Memory (MB): peak = 1199.418 ; gain = 79.887

Phase 5 Delay and Skew Optimization

Phase 5.1 Delay CleanUp
Phase 5.1 Delay CleanUp | Checksum: 15b0f2df5

Time (s): cpu = 00:00:11 ; elapsed = 00:00:09 . Memory (MB): peak = 1199.418 ; gain = 79.887

Phase 5.2 Clock Skew Optimization
Phase 5.2 Clock Skew Optimization | Checksum: 15b0f2df5

Time (s): cpu = 00:00:11 ; elapsed = 00:00:09 . Memory (MB): peak = 1199.418 ; gain = 79.887
Phase 5 Delay and Skew Optimization | Checksum: 15b0f2df5

Time (s): cpu = 00:00:11 ; elapsed = 00:00:09 . Memory (MB): peak = 1199.418 ; gain = 79.887

Phase 6 Post Hold Fix

Phase 6.1 Hold Fix Iter

Phase 6.1.1 Update Timing
Phase 6.1.1 Update Timing | Checksum: 171717986

Time (s): cpu = 00:00:11 ; elapsed = 00:00:09 . Memory (MB): peak = 1199.418 ; gain = 79.887
INFO: [Route 35-416] Intermediate Timing Summary | WNS=3.491  | TNS=0.000  | WHS=0.031  | THS=0.000  |

Phase 6.1 Hold Fix Iter | Checksum: 1a0b4fb9d

Time (s): cpu = 00:00:11 ; elapsed = 00:00:09 . Memory (MB): peak = 1199.418 ; gain = 79.887
Phase 6 Post Hold Fix | Checksum: 1a0b4fb9d

Time (s): cpu = 00:00:11 ; elapsed = 00:00:09 . Memory (MB): peak = 1199.418 ; gain = 79.887

Phase 7 Route finalize

Router Utilization Summary
  Global Vertical Routing Utilization    = 0.336571 %
  Global Horizontal Routing Utilization  = 0.581801 %
  Routable Net Status*
  *Does not include unroutable nets such as driverless and loadless.
  Run report_route_status for detailed report.
  Number of Failed Nets               = 0
  Number of Unrouted Nets             = 0
  Number of Partially Routed Nets     = 0
  Number of Node Overlaps             = 0

Phase 7 Route finalize | Checksum: 1c9f56b69

Time (s): cpu = 00:00:11 ; elapsed = 00:00:09 . Memory (MB): peak = 1199.418 ; gain = 79.887

Phase 8 Verifying routed nets

 Verification completed successfully
Phase 8 Verifying routed nets | Checksum: 1c9f56b69

Time (s): cpu = 00:00:11 ; elapsed = 00:00:09 . Memory (MB): peak = 1199.418 ; gain = 79.887

Phase 9 Depositing Routes
Phase 9 Depositing Routes | Checksum: 248037ffb

Time (s): cpu = 00:00:11 ; elapsed = 00:00:09 . Memory (MB): peak = 1199.418 ; gain = 79.887

Phase 10 Post Router Timing
INFO: [Route 35-57] Estimated Timing Summary | WNS=3.491  | TNS=0.000  | WHS=0.031  | THS=0.000  |

INFO: [Route 35-327] The final timing numbers are based on the router estimated timing analysis. For a complete and accurate timing signoff, please run report_timing_summary.
Phase 10 Post Router Timing | Checksum: 248037ffb

Time (s): cpu = 00:00:11 ; elapsed = 00:00:09 . Memory (MB): peak = 1199.418 ; gain = 79.887
INFO: [Route 35-16] Router Completed Successfully

Time (s): cpu = 00:00:11 ; elapsed = 00:00:09 . Memory (MB): peak = 1199.418 ; gain = 79.887

Routing Is Done.
60 Infos, 3 Warnings, 1 Critical Warnings and 0 Errors encountered.
route_design completed successfully
route_design: Time (s): cpu = 00:00:12 ; elapsed = 00:00:11 . Memory (MB): peak = 1199.418 ; gain = 82.008
Writing placer database...
Writing XDEF routing.
Writing XDEF routing logical nets.
Writing XDEF routing special nets.
Write XDEF Complete: Time (s): cpu = 00:00:01 ; elapsed = 00:00:00.201 . Memory (MB): peak = 1199.418 ; gain = 0.000
INFO: [Common 17-1381] The checkpoint 'C:/Users/bwedemir/Downloads/ECE4261_Project-Keypad/ECE4261_Project-Keypad/Project_V0.2.runs/impl_1/design_1_wrapper_routed.dcp' has been generated.
Command: report_drc -file design_1_wrapper_drc_routed.rpt -pb design_1_wrapper_drc_routed.pb -rpx design_1_wrapper_drc_routed.rpx
INFO: [DRC 23-27] Running DRC with 2 threads
INFO: [Coretcl 2-168] The results of DRC are in file C:/Users/bwedemir/Downloads/ECE4261_Project-Keypad/ECE4261_Project-Keypad/Project_V0.2.runs/impl_1/design_1_wrapper_drc_routed.rpt.
report_drc completed successfully
Command: report_methodology -file design_1_wrapper_methodology_drc_routed.rpt -rpx design_1_wrapper_methodology_drc_routed.rpx
INFO: [Timing 38-35] Done setting XDC timing constraints.
INFO: [DRC 23-133] Running Methodology with 2 threads
INFO: [Coretcl 2-1520] The results of Report Methodology are in file C:/Users/bwedemir/Downloads/ECE4261_Project-Keypad/ECE4261_Project-Keypad/Project_V0.2.runs/impl_1/design_1_wrapper_methodology_drc_routed.rpt.
report_methodology completed successfully
Command: report_power -file design_1_wrapper_power_routed.rpt -pb design_1_wrapper_power_summary_routed.pb -rpx design_1_wrapper_power_routed.rpx
INFO: [Timing 38-35] Done setting XDC timing constraints.
Running Vector-less Activity Propagation...

Finished Running Vector-less Activity Propagation
67 Infos, 3 Warnings, 1 Critical Warnings and 0 Errors encountered.
report_power completed successfully
INFO: [Timing 38-91] UpdateTimingParams: Speed grade: -1, Delay Type: min_max.
INFO: [Timing 38-191] Multithreading enabled for timing update using a maximum of 2 CPUs
Command: write_bitstream -force design_1_wrapper.bit
Attempting to get a license for feature 'Implementation' and/or device 'xc7z010-clg400'
INFO: [Common 17-349] Got license for feature 'Implementation' and/or device 'xc7z010-clg400'
Running DRC as a precondition to command write_bitstream
Command: report_drc (run_mandatory_drcs) for: bitstream_checks
INFO: [DRC 23-27] Running DRC with 2 threads
report_drc (run_mandatory_drcs) completed successfully
INFO: [Vivado 12-3199] DRC finished with 0 Errors
INFO: [Vivado 12-3200] Please refer to the DRC report (report_drc) for more information.
INFO: [Project 1-821] Please set project.enableDesignId to be 'true'.
INFO: [Designutils 20-2272] Running write_bitstream with 2 threads.
Loading data files...
Loading site data...
Loading route data...
Processing options...
Creating bitmap...
Creating bitstream...
Writing bitstream ./design_1_wrapper.bit...
INFO: [Vivado 12-1842] Bitgen Completed Successfully.
INFO: [Project 1-120] WebTalk data collection is mandatory when using a WebPACK part without a full Vivado license. To see the specific WebTalk data collected for your design, open the usage_statistics_webtalk.html or usage_statistics_webtalk.xml file in the implementation directory.
INFO: [Common 17-186] 'C:/Users/bwedemir/Downloads/ECE4261_Project-Keypad/ECE4261_Project-Keypad/Project_V0.2.runs/impl_1/usage_statistics_webtalk.xml' has been successfully sent to Xilinx on Sat Nov  3 12:45:28 2018. For additional details about this file, please refer to the WebTalk help file at C:/Xilinx2017.1/Vivado/2017.1/doc/webtalk_introduction.html.
78 Infos, 3 Warnings, 1 Critical Warnings and 0 Errors encountered.
write_bitstream completed successfully
write_bitstream: Time (s): cpu = 00:00:11 ; elapsed = 00:00:12 . Memory (MB): peak = 1574.238 ; gain = 345.723
INFO: [Common 17-206] Exiting Vivado at Sat Nov  3 12:45:28 2018...
