17:05:11 INFO  : Registering command handlers for SDK TCF services
17:05:12 INFO  : Launching XSCT server: xsct.bat -interactive C:\Users\bwedemir\Desktop\Project_V0.2\Project_V0.2.sdk\temp_xsdb_launch_script.tcl
17:05:18 INFO  : XSCT server has started successfully.
17:05:19 INFO  : Successfully done setting XSCT server connection channel  
17:05:19 INFO  : Successfully done setting SDK workspace  
17:05:19 INFO  : Processing command line option -hwspec C:/Users/bwedemir/Desktop/Project_V0.2/Project_V0.2.sdk/design_1_wrapper.hdf.
17:11:33 INFO  : Refreshed build settings on project echo
17:11:53 INFO  : Connected to target on host '127.0.0.1' and port '3121'.
17:11:55 INFO  : 'targets -set -filter {jtag_cable_name =~ "Digilent Zybo 210279655100A" && level==0} -index 1' command is executed.
17:11:56 INFO  : FPGA configured successfully with bitstream "C:/Users/bwedemir/Desktop/Project_V0.2/Project_V0.2.sdk/design_1_wrapper_hw_platform_0/design_1_wrapper.bit"
17:12:33 INFO  : 'targets -set -filter {jtag_cable_name =~ "Digilent Zybo 210279655100A" && level==0} -index 1' command is executed.
17:12:33 INFO  : 'fpga -state' command is executed.
17:12:33 INFO  : Connected to target on host '127.0.0.1' and port '3121'.
17:12:34 INFO  : Jtag cable 'Digilent Zybo 210279655100A' is selected.
17:12:34 INFO  : 'jtag frequency' command is executed.
17:12:34 INFO  : Sourcing of 'C:/Users/bwedemir/Desktop/Project_V0.2/Project_V0.2.sdk/design_1_wrapper_hw_platform_0/ps7_init.tcl' is done.
17:12:34 INFO  : Context for 'APU' is selected.
17:12:34 INFO  : 'stop' command is executed.
17:12:34 INFO  : 'ps7_init' command is executed.
17:12:34 INFO  : 'ps7_post_config' command is executed.
17:12:34 INFO  : Context for processor 'ps7_cortexa9_0' is selected.
17:12:34 INFO  : Processor reset is completed for 'ps7_cortexa9_0'.
17:12:34 INFO  : Context for processor 'ps7_cortexa9_0' is selected.
17:12:34 INFO  : The application 'C:/Users/bwedemir/Desktop/Project_V0.2/Project_V0.2.sdk/echo/Debug/echo.elf' is downloaded to processor 'ps7_cortexa9_0'.
17:12:34 INFO  : ----------------XSDB Script----------------
connect -url tcp:127.0.0.1:3121
source C:/Users/bwedemir/Desktop/Project_V0.2/Project_V0.2.sdk/design_1_wrapper_hw_platform_0/ps7_init.tcl
targets -set -nocase -filter {name =~"APU*" && jtag_cable_name =~ "Digilent Zybo 210279655100A"} -index 0
stop
ps7_init
ps7_post_config
targets -set -nocase -filter {name =~ "ARM*#0" && jtag_cable_name =~ "Digilent Zybo 210279655100A"} -index 0
rst -processor
targets -set -nocase -filter {name =~ "ARM*#0" && jtag_cable_name =~ "Digilent Zybo 210279655100A"} -index 0
dow C:/Users/bwedemir/Desktop/Project_V0.2/Project_V0.2.sdk/echo/Debug/echo.elf
----------------End of Script----------------

17:12:34 INFO  : Memory regions updated for context APU
17:12:34 INFO  : Context for processor 'ps7_cortexa9_0' is selected.
17:12:34 INFO  : 'con' command is executed.
17:12:34 INFO  : ----------------XSDB Script (After Launch)----------------
targets -set -nocase -filter {name =~ "ARM*#0" && jtag_cable_name =~ "Digilent Zybo 210279655100A"} -index 0
con
----------------End of Script----------------

17:12:34 INFO  : Launch script is exported to file 'C:\Users\bwedemir\Desktop\Project_V0.2\Project_V0.2.sdk\.sdk\launch_scripts\xilinx_c-c++_application_(system_debugger)\system_debugger_using_debug_echo.elf_on_local.tcl'
17:13:52 INFO  : Disconnected from the channel tcfchan#1.
17:13:53 INFO  : 'targets -set -filter {jtag_cable_name =~ "Digilent Zybo 210279655100A" && level==0} -index 1' command is executed.
17:13:53 INFO  : 'fpga -state' command is executed.
17:13:53 INFO  : Connected to target on host '127.0.0.1' and port '3121'.
17:13:53 INFO  : Jtag cable 'Digilent Zybo 210279655100A' is selected.
17:13:53 INFO  : 'jtag frequency' command is executed.
17:13:53 INFO  : Sourcing of 'C:/Users/bwedemir/Desktop/Project_V0.2/Project_V0.2.sdk/design_1_wrapper_hw_platform_0/ps7_init.tcl' is done.
17:13:53 INFO  : Context for 'APU' is selected.
17:13:53 INFO  : 'stop' command is executed.
17:13:53 INFO  : 'ps7_init' command is executed.
17:13:53 INFO  : 'ps7_post_config' command is executed.
17:13:53 INFO  : Context for processor 'ps7_cortexa9_0' is selected.
17:13:53 INFO  : Processor reset is completed for 'ps7_cortexa9_0'.
17:13:53 INFO  : Context for processor 'ps7_cortexa9_0' is selected.
17:13:54 INFO  : The application 'C:/Users/bwedemir/Desktop/Project_V0.2/Project_V0.2.sdk/echo/Debug/echo.elf' is downloaded to processor 'ps7_cortexa9_0'.
17:13:54 INFO  : ----------------XSDB Script----------------
connect -url tcp:127.0.0.1:3121
source C:/Users/bwedemir/Desktop/Project_V0.2/Project_V0.2.sdk/design_1_wrapper_hw_platform_0/ps7_init.tcl
targets -set -nocase -filter {name =~"APU*" && jtag_cable_name =~ "Digilent Zybo 210279655100A"} -index 0
stop
ps7_init
ps7_post_config
targets -set -nocase -filter {name =~ "ARM*#0" && jtag_cable_name =~ "Digilent Zybo 210279655100A"} -index 0
rst -processor
targets -set -nocase -filter {name =~ "ARM*#0" && jtag_cable_name =~ "Digilent Zybo 210279655100A"} -index 0
dow C:/Users/bwedemir/Desktop/Project_V0.2/Project_V0.2.sdk/echo/Debug/echo.elf
----------------End of Script----------------

17:13:54 INFO  : Memory regions updated for context APU
17:13:54 INFO  : Context for processor 'ps7_cortexa9_0' is selected.
17:13:54 INFO  : 'con' command is executed.
17:13:54 INFO  : ----------------XSDB Script (After Launch)----------------
targets -set -nocase -filter {name =~ "ARM*#0" && jtag_cable_name =~ "Digilent Zybo 210279655100A"} -index 0
con
----------------End of Script----------------

17:13:54 INFO  : Launch script is exported to file 'C:\Users\bwedemir\Desktop\Project_V0.2\Project_V0.2.sdk\.sdk\launch_scripts\xilinx_c-c++_application_(system_debugger)\system_debugger_using_debug_echo.elf_on_local.tcl'
17:16:00 INFO  : Disconnected from the channel tcfchan#2.
17:16:01 INFO  : 'targets -set -filter {jtag_cable_name =~ "Digilent Zybo 210279655100A" && level==0} -index 1' command is executed.
17:16:01 INFO  : 'fpga -state' command is executed.
17:16:01 INFO  : Connected to target on host '127.0.0.1' and port '3121'.
17:16:01 INFO  : Jtag cable 'Digilent Zybo 210279655100A' is selected.
17:16:01 INFO  : 'jtag frequency' command is executed.
17:16:01 INFO  : Sourcing of 'C:/Users/bwedemir/Desktop/Project_V0.2/Project_V0.2.sdk/design_1_wrapper_hw_platform_0/ps7_init.tcl' is done.
17:16:01 INFO  : Context for 'APU' is selected.
17:16:01 INFO  : 'stop' command is executed.
17:16:02 INFO  : 'ps7_init' command is executed.
17:16:02 INFO  : 'ps7_post_config' command is executed.
17:16:02 INFO  : Context for processor 'ps7_cortexa9_0' is selected.
17:16:02 INFO  : Processor reset is completed for 'ps7_cortexa9_0'.
17:16:02 INFO  : Context for processor 'ps7_cortexa9_0' is selected.
17:16:03 INFO  : The application 'C:/Users/bwedemir/Desktop/Project_V0.2/Project_V0.2.sdk/echo/Debug/echo.elf' is downloaded to processor 'ps7_cortexa9_0'.
17:16:03 INFO  : ----------------XSDB Script----------------
connect -url tcp:127.0.0.1:3121
source C:/Users/bwedemir/Desktop/Project_V0.2/Project_V0.2.sdk/design_1_wrapper_hw_platform_0/ps7_init.tcl
targets -set -nocase -filter {name =~"APU*" && jtag_cable_name =~ "Digilent Zybo 210279655100A"} -index 0
stop
ps7_init
ps7_post_config
targets -set -nocase -filter {name =~ "ARM*#0" && jtag_cable_name =~ "Digilent Zybo 210279655100A"} -index 0
rst -processor
targets -set -nocase -filter {name =~ "ARM*#0" && jtag_cable_name =~ "Digilent Zybo 210279655100A"} -index 0
dow C:/Users/bwedemir/Desktop/Project_V0.2/Project_V0.2.sdk/echo/Debug/echo.elf
----------------End of Script----------------

17:16:03 INFO  : Memory regions updated for context APU
17:16:03 INFO  : Context for processor 'ps7_cortexa9_0' is selected.
17:16:03 INFO  : 'con' command is executed.
17:16:03 INFO  : ----------------XSDB Script (After Launch)----------------
targets -set -nocase -filter {name =~ "ARM*#0" && jtag_cable_name =~ "Digilent Zybo 210279655100A"} -index 0
con
----------------End of Script----------------

17:16:03 INFO  : Launch script is exported to file 'C:\Users\bwedemir\Desktop\Project_V0.2\Project_V0.2.sdk\.sdk\launch_scripts\xilinx_c-c++_application_(system_debugger)\system_debugger_using_debug_echo.elf_on_local.tcl'
17:17:15 INFO  : Disconnected from the channel tcfchan#3.
17:17:16 INFO  : 'targets -set -filter {jtag_cable_name =~ "Digilent Zybo 210279655100A" && level==0} -index 1' command is executed.
17:17:16 INFO  : 'fpga -state' command is executed.
17:17:16 INFO  : Connected to target on host '127.0.0.1' and port '3121'.
17:17:16 INFO  : Jtag cable 'Digilent Zybo 210279655100A' is selected.
17:17:16 INFO  : 'jtag frequency' command is executed.
17:17:16 INFO  : Sourcing of 'C:/Users/bwedemir/Desktop/Project_V0.2/Project_V0.2.sdk/design_1_wrapper_hw_platform_0/ps7_init.tcl' is done.
17:17:16 INFO  : Context for 'APU' is selected.
17:17:16 INFO  : 'stop' command is executed.
17:17:16 INFO  : 'ps7_init' command is executed.
17:17:16 INFO  : 'ps7_post_config' command is executed.
17:17:16 INFO  : Context for processor 'ps7_cortexa9_0' is selected.
17:17:16 INFO  : Processor reset is completed for 'ps7_cortexa9_0'.
17:17:16 INFO  : Context for processor 'ps7_cortexa9_0' is selected.
17:17:17 INFO  : The application 'C:/Users/bwedemir/Desktop/Project_V0.2/Project_V0.2.sdk/echo/Debug/echo.elf' is downloaded to processor 'ps7_cortexa9_0'.
17:17:17 INFO  : ----------------XSDB Script----------------
connect -url tcp:127.0.0.1:3121
source C:/Users/bwedemir/Desktop/Project_V0.2/Project_V0.2.sdk/design_1_wrapper_hw_platform_0/ps7_init.tcl
targets -set -nocase -filter {name =~"APU*" && jtag_cable_name =~ "Digilent Zybo 210279655100A"} -index 0
stop
ps7_init
ps7_post_config
targets -set -nocase -filter {name =~ "ARM*#0" && jtag_cable_name =~ "Digilent Zybo 210279655100A"} -index 0
rst -processor
targets -set -nocase -filter {name =~ "ARM*#0" && jtag_cable_name =~ "Digilent Zybo 210279655100A"} -index 0
dow C:/Users/bwedemir/Desktop/Project_V0.2/Project_V0.2.sdk/echo/Debug/echo.elf
----------------End of Script----------------

17:17:17 INFO  : Memory regions updated for context APU
17:17:17 INFO  : Context for processor 'ps7_cortexa9_0' is selected.
17:17:17 INFO  : 'con' command is executed.
17:17:17 INFO  : ----------------XSDB Script (After Launch)----------------
targets -set -nocase -filter {name =~ "ARM*#0" && jtag_cable_name =~ "Digilent Zybo 210279655100A"} -index 0
con
----------------End of Script----------------

17:17:17 INFO  : Launch script is exported to file 'C:\Users\bwedemir\Desktop\Project_V0.2\Project_V0.2.sdk\.sdk\launch_scripts\xilinx_c-c++_application_(system_debugger)\system_debugger_using_debug_echo.elf_on_local.tcl'
17:22:48 INFO  : Disconnected from the channel tcfchan#4.
17:22:49 INFO  : 'targets -set -filter {jtag_cable_name =~ "Digilent Zybo 210279655100A" && level==0} -index 1' command is executed.
17:22:49 INFO  : 'fpga -state' command is executed.
17:22:49 INFO  : Connected to target on host '127.0.0.1' and port '3121'.
17:22:49 INFO  : Jtag cable 'Digilent Zybo 210279655100A' is selected.
17:22:49 INFO  : 'jtag frequency' command is executed.
17:22:49 INFO  : Sourcing of 'C:/Users/bwedemir/Desktop/Project_V0.2/Project_V0.2.sdk/design_1_wrapper_hw_platform_0/ps7_init.tcl' is done.
17:22:49 INFO  : Context for 'APU' is selected.
17:22:49 INFO  : 'stop' command is executed.
17:22:49 INFO  : 'ps7_init' command is executed.
17:22:49 INFO  : 'ps7_post_config' command is executed.
17:22:49 INFO  : Context for processor 'ps7_cortexa9_0' is selected.
17:22:49 INFO  : Processor reset is completed for 'ps7_cortexa9_0'.
17:22:49 INFO  : Context for processor 'ps7_cortexa9_0' is selected.
17:22:50 INFO  : The application 'C:/Users/bwedemir/Desktop/Project_V0.2/Project_V0.2.sdk/echo/Debug/echo.elf' is downloaded to processor 'ps7_cortexa9_0'.
17:22:50 INFO  : ----------------XSDB Script----------------
connect -url tcp:127.0.0.1:3121
source C:/Users/bwedemir/Desktop/Project_V0.2/Project_V0.2.sdk/design_1_wrapper_hw_platform_0/ps7_init.tcl
targets -set -nocase -filter {name =~"APU*" && jtag_cable_name =~ "Digilent Zybo 210279655100A"} -index 0
stop
ps7_init
ps7_post_config
targets -set -nocase -filter {name =~ "ARM*#0" && jtag_cable_name =~ "Digilent Zybo 210279655100A"} -index 0
rst -processor
targets -set -nocase -filter {name =~ "ARM*#0" && jtag_cable_name =~ "Digilent Zybo 210279655100A"} -index 0
dow C:/Users/bwedemir/Desktop/Project_V0.2/Project_V0.2.sdk/echo/Debug/echo.elf
----------------End of Script----------------

17:22:50 INFO  : Memory regions updated for context APU
17:22:50 INFO  : Context for processor 'ps7_cortexa9_0' is selected.
17:22:50 INFO  : 'con' command is executed.
17:22:50 INFO  : ----------------XSDB Script (After Launch)----------------
targets -set -nocase -filter {name =~ "ARM*#0" && jtag_cable_name =~ "Digilent Zybo 210279655100A"} -index 0
con
----------------End of Script----------------

17:22:50 INFO  : Launch script is exported to file 'C:\Users\bwedemir\Desktop\Project_V0.2\Project_V0.2.sdk\.sdk\launch_scripts\xilinx_c-c++_application_(system_debugger)\system_debugger_using_debug_echo.elf_on_local.tcl'
17:25:53 INFO  : Disconnected from the channel tcfchan#5.
17:25:54 INFO  : 'targets -set -filter {jtag_cable_name =~ "Digilent Zybo 210279655100A" && level==0} -index 1' command is executed.
17:25:54 INFO  : 'fpga -state' command is executed.
17:25:54 INFO  : Connected to target on host '127.0.0.1' and port '3121'.
17:25:55 INFO  : Jtag cable 'Digilent Zybo 210279655100A' is selected.
17:25:55 INFO  : 'jtag frequency' command is executed.
17:25:55 INFO  : Sourcing of 'C:/Users/bwedemir/Desktop/Project_V0.2/Project_V0.2.sdk/design_1_wrapper_hw_platform_0/ps7_init.tcl' is done.
17:25:55 INFO  : Context for 'APU' is selected.
17:25:55 INFO  : 'stop' command is executed.
17:25:55 INFO  : 'ps7_init' command is executed.
17:25:55 INFO  : 'ps7_post_config' command is executed.
17:25:55 INFO  : Context for processor 'ps7_cortexa9_0' is selected.
17:25:55 INFO  : Processor reset is completed for 'ps7_cortexa9_0'.
17:25:55 INFO  : Context for processor 'ps7_cortexa9_0' is selected.
17:25:55 INFO  : The application 'C:/Users/bwedemir/Desktop/Project_V0.2/Project_V0.2.sdk/echo/Debug/echo.elf' is downloaded to processor 'ps7_cortexa9_0'.
17:25:55 INFO  : ----------------XSDB Script----------------
connect -url tcp:127.0.0.1:3121
source C:/Users/bwedemir/Desktop/Project_V0.2/Project_V0.2.sdk/design_1_wrapper_hw_platform_0/ps7_init.tcl
targets -set -nocase -filter {name =~"APU*" && jtag_cable_name =~ "Digilent Zybo 210279655100A"} -index 0
stop
ps7_init
ps7_post_config
targets -set -nocase -filter {name =~ "ARM*#0" && jtag_cable_name =~ "Digilent Zybo 210279655100A"} -index 0
rst -processor
targets -set -nocase -filter {name =~ "ARM*#0" && jtag_cable_name =~ "Digilent Zybo 210279655100A"} -index 0
dow C:/Users/bwedemir/Desktop/Project_V0.2/Project_V0.2.sdk/echo/Debug/echo.elf
----------------End of Script----------------

17:25:55 INFO  : Memory regions updated for context APU
17:25:55 INFO  : Context for processor 'ps7_cortexa9_0' is selected.
17:25:55 INFO  : 'con' command is executed.
17:25:55 INFO  : ----------------XSDB Script (After Launch)----------------
targets -set -nocase -filter {name =~ "ARM*#0" && jtag_cable_name =~ "Digilent Zybo 210279655100A"} -index 0
con
----------------End of Script----------------

17:25:55 INFO  : Launch script is exported to file 'C:\Users\bwedemir\Desktop\Project_V0.2\Project_V0.2.sdk\.sdk\launch_scripts\xilinx_c-c++_application_(system_debugger)\system_debugger_using_debug_echo.elf_on_local.tcl'
17:27:24 INFO  : Disconnected from the channel tcfchan#6.
17:27:25 INFO  : 'targets -set -filter {jtag_cable_name =~ "Digilent Zybo 210279655100A" && level==0} -index 1' command is executed.
17:27:25 INFO  : 'fpga -state' command is executed.
17:27:25 INFO  : Connected to target on host '127.0.0.1' and port '3121'.
17:27:25 INFO  : Jtag cable 'Digilent Zybo 210279655100A' is selected.
17:27:25 INFO  : 'jtag frequency' command is executed.
17:27:25 INFO  : Sourcing of 'C:/Users/bwedemir/Desktop/Project_V0.2/Project_V0.2.sdk/design_1_wrapper_hw_platform_0/ps7_init.tcl' is done.
17:27:25 INFO  : Context for 'APU' is selected.
17:27:25 INFO  : 'stop' command is executed.
17:27:26 INFO  : 'ps7_init' command is executed.
17:27:26 INFO  : 'ps7_post_config' command is executed.
17:27:26 INFO  : Context for processor 'ps7_cortexa9_0' is selected.
17:27:26 INFO  : Processor reset is completed for 'ps7_cortexa9_0'.
17:27:26 INFO  : Context for processor 'ps7_cortexa9_0' is selected.
17:27:26 INFO  : The application 'C:/Users/bwedemir/Desktop/Project_V0.2/Project_V0.2.sdk/echo/Debug/echo.elf' is downloaded to processor 'ps7_cortexa9_0'.
17:27:26 INFO  : ----------------XSDB Script----------------
connect -url tcp:127.0.0.1:3121
source C:/Users/bwedemir/Desktop/Project_V0.2/Project_V0.2.sdk/design_1_wrapper_hw_platform_0/ps7_init.tcl
targets -set -nocase -filter {name =~"APU*" && jtag_cable_name =~ "Digilent Zybo 210279655100A"} -index 0
stop
ps7_init
ps7_post_config
targets -set -nocase -filter {name =~ "ARM*#0" && jtag_cable_name =~ "Digilent Zybo 210279655100A"} -index 0
rst -processor
targets -set -nocase -filter {name =~ "ARM*#0" && jtag_cable_name =~ "Digilent Zybo 210279655100A"} -index 0
dow C:/Users/bwedemir/Desktop/Project_V0.2/Project_V0.2.sdk/echo/Debug/echo.elf
----------------End of Script----------------

17:27:26 INFO  : Memory regions updated for context APU
17:27:26 INFO  : Context for processor 'ps7_cortexa9_0' is selected.
17:27:26 INFO  : 'con' command is executed.
17:27:26 INFO  : ----------------XSDB Script (After Launch)----------------
targets -set -nocase -filter {name =~ "ARM*#0" && jtag_cable_name =~ "Digilent Zybo 210279655100A"} -index 0
con
----------------End of Script----------------

17:27:26 INFO  : Launch script is exported to file 'C:\Users\bwedemir\Desktop\Project_V0.2\Project_V0.2.sdk\.sdk\launch_scripts\xilinx_c-c++_application_(system_debugger)\system_debugger_using_debug_echo.elf_on_local.tcl'
17:30:40 INFO  : Disconnected from the channel tcfchan#7.
17:30:41 INFO  : 'targets -set -filter {jtag_cable_name =~ "Digilent Zybo 210279655100A" && level==0} -index 1' command is executed.
17:30:41 INFO  : 'fpga -state' command is executed.
17:30:41 INFO  : Connected to target on host '127.0.0.1' and port '3121'.
17:30:41 INFO  : Jtag cable 'Digilent Zybo 210279655100A' is selected.
17:30:41 INFO  : 'jtag frequency' command is executed.
17:30:41 INFO  : Sourcing of 'C:/Users/bwedemir/Desktop/Project_V0.2/Project_V0.2.sdk/design_1_wrapper_hw_platform_0/ps7_init.tcl' is done.
17:30:41 INFO  : Context for 'APU' is selected.
17:30:41 INFO  : 'stop' command is executed.
17:30:42 INFO  : 'ps7_init' command is executed.
17:30:42 INFO  : 'ps7_post_config' command is executed.
17:30:42 INFO  : Context for processor 'ps7_cortexa9_0' is selected.
17:30:42 INFO  : Processor reset is completed for 'ps7_cortexa9_0'.
17:30:42 INFO  : Context for processor 'ps7_cortexa9_0' is selected.
17:30:42 INFO  : The application 'C:/Users/bwedemir/Desktop/Project_V0.2/Project_V0.2.sdk/echo/Debug/echo.elf' is downloaded to processor 'ps7_cortexa9_0'.
17:30:42 INFO  : ----------------XSDB Script----------------
connect -url tcp:127.0.0.1:3121
source C:/Users/bwedemir/Desktop/Project_V0.2/Project_V0.2.sdk/design_1_wrapper_hw_platform_0/ps7_init.tcl
targets -set -nocase -filter {name =~"APU*" && jtag_cable_name =~ "Digilent Zybo 210279655100A"} -index 0
stop
ps7_init
ps7_post_config
targets -set -nocase -filter {name =~ "ARM*#0" && jtag_cable_name =~ "Digilent Zybo 210279655100A"} -index 0
rst -processor
targets -set -nocase -filter {name =~ "ARM*#0" && jtag_cable_name =~ "Digilent Zybo 210279655100A"} -index 0
dow C:/Users/bwedemir/Desktop/Project_V0.2/Project_V0.2.sdk/echo/Debug/echo.elf
----------------End of Script----------------

17:30:42 INFO  : Memory regions updated for context APU
17:30:42 INFO  : Context for processor 'ps7_cortexa9_0' is selected.
17:30:42 INFO  : 'con' command is executed.
17:30:42 INFO  : ----------------XSDB Script (After Launch)----------------
targets -set -nocase -filter {name =~ "ARM*#0" && jtag_cable_name =~ "Digilent Zybo 210279655100A"} -index 0
con
----------------End of Script----------------

17:30:42 INFO  : Launch script is exported to file 'C:\Users\bwedemir\Desktop\Project_V0.2\Project_V0.2.sdk\.sdk\launch_scripts\xilinx_c-c++_application_(system_debugger)\system_debugger_using_debug_echo.elf_on_local.tcl'
18:39:10 INFO  : Disconnected from the channel tcfchan#8.
18:39:11 INFO  : 'targets -set -filter {jtag_cable_name =~ "Digilent Zybo 210279655100A" && level==0} -index 1' command is executed.
18:39:11 INFO  : 'fpga -state' command is executed.
18:39:11 INFO  : Connected to target on host '127.0.0.1' and port '3121'.
18:39:11 INFO  : Jtag cable 'Digilent Zybo 210279655100A' is selected.
18:39:11 INFO  : 'jtag frequency' command is executed.
18:39:11 INFO  : Sourcing of 'C:/Users/bwedemir/Desktop/Project_V0.2/Project_V0.2.sdk/design_1_wrapper_hw_platform_0/ps7_init.tcl' is done.
18:39:11 INFO  : Context for 'APU' is selected.
18:39:12 INFO  : 'stop' command is executed.
18:39:12 INFO  : 'ps7_init' command is executed.
18:39:12 INFO  : 'ps7_post_config' command is executed.
18:39:12 INFO  : Context for processor 'ps7_cortexa9_0' is selected.
18:39:12 INFO  : Processor reset is completed for 'ps7_cortexa9_0'.
18:39:12 INFO  : Context for processor 'ps7_cortexa9_0' is selected.
18:39:12 INFO  : The application 'C:/Users/bwedemir/Desktop/Project_V0.2/Project_V0.2.sdk/echo/Debug/echo.elf' is downloaded to processor 'ps7_cortexa9_0'.
18:39:12 INFO  : ----------------XSDB Script----------------
connect -url tcp:127.0.0.1:3121
source C:/Users/bwedemir/Desktop/Project_V0.2/Project_V0.2.sdk/design_1_wrapper_hw_platform_0/ps7_init.tcl
targets -set -nocase -filter {name =~"APU*" && jtag_cable_name =~ "Digilent Zybo 210279655100A"} -index 0
stop
ps7_init
ps7_post_config
targets -set -nocase -filter {name =~ "ARM*#0" && jtag_cable_name =~ "Digilent Zybo 210279655100A"} -index 0
rst -processor
targets -set -nocase -filter {name =~ "ARM*#0" && jtag_cable_name =~ "Digilent Zybo 210279655100A"} -index 0
dow C:/Users/bwedemir/Desktop/Project_V0.2/Project_V0.2.sdk/echo/Debug/echo.elf
----------------End of Script----------------

18:39:12 INFO  : Memory regions updated for context APU
18:39:12 INFO  : Context for processor 'ps7_cortexa9_0' is selected.
18:39:12 INFO  : 'con' command is executed.
18:39:12 INFO  : ----------------XSDB Script (After Launch)----------------
targets -set -nocase -filter {name =~ "ARM*#0" && jtag_cable_name =~ "Digilent Zybo 210279655100A"} -index 0
con
----------------End of Script----------------

18:39:12 INFO  : Launch script is exported to file 'C:\Users\bwedemir\Desktop\Project_V0.2\Project_V0.2.sdk\.sdk\launch_scripts\xilinx_c-c++_application_(system_debugger)\system_debugger_using_debug_echo.elf_on_local.tcl'
18:49:50 INFO  : Refreshed build settings on project echo
18:50:49 INFO  : Connected to target on host '127.0.0.1' and port '3121'.
18:50:50 INFO  : 'targets -set -filter {jtag_cable_name =~ "Digilent Zybo 210279655100A" && level==0} -index 1' command is executed.
18:50:51 INFO  : FPGA configured successfully with bitstream "C:/Users/bwedemir/Desktop/Project_V0.2/Project_V0.2.sdk/design_1_wrapper_hw_platform_0/design_1_wrapper.bit"
18:51:04 INFO  : Disconnected from the channel tcfchan#9.
18:51:05 INFO  : 'targets -set -filter {jtag_cable_name =~ "Digilent Zybo 210279655100A" && level==0} -index 1' command is executed.
18:51:05 INFO  : 'fpga -state' command is executed.
18:51:05 INFO  : Connected to target on host '127.0.0.1' and port '3121'.
18:51:05 INFO  : Jtag cable 'Digilent Zybo 210279655100A' is selected.
18:51:05 INFO  : 'jtag frequency' command is executed.
18:51:05 INFO  : Sourcing of 'C:/Users/bwedemir/Desktop/Project_V0.2/Project_V0.2.sdk/design_1_wrapper_hw_platform_0/ps7_init.tcl' is done.
18:51:05 INFO  : Context for 'APU' is selected.
18:51:05 INFO  : 'stop' command is executed.
18:51:06 INFO  : 'ps7_init' command is executed.
18:51:06 INFO  : 'ps7_post_config' command is executed.
18:51:06 INFO  : Context for processor 'ps7_cortexa9_0' is selected.
18:51:06 INFO  : Processor reset is completed for 'ps7_cortexa9_0'.
18:51:06 INFO  : Context for processor 'ps7_cortexa9_0' is selected.
18:51:06 INFO  : The application 'C:/Users/bwedemir/Desktop/Project_V0.2/Project_V0.2.sdk/echo/Debug/echo.elf' is downloaded to processor 'ps7_cortexa9_0'.
18:51:06 INFO  : ----------------XSDB Script----------------
connect -url tcp:127.0.0.1:3121
source C:/Users/bwedemir/Desktop/Project_V0.2/Project_V0.2.sdk/design_1_wrapper_hw_platform_0/ps7_init.tcl
targets -set -nocase -filter {name =~"APU*" && jtag_cable_name =~ "Digilent Zybo 210279655100A"} -index 0
stop
ps7_init
ps7_post_config
targets -set -nocase -filter {name =~ "ARM*#0" && jtag_cable_name =~ "Digilent Zybo 210279655100A"} -index 0
rst -processor
targets -set -nocase -filter {name =~ "ARM*#0" && jtag_cable_name =~ "Digilent Zybo 210279655100A"} -index 0
dow C:/Users/bwedemir/Desktop/Project_V0.2/Project_V0.2.sdk/echo/Debug/echo.elf
----------------End of Script----------------

18:51:06 INFO  : Memory regions updated for context APU
18:51:06 INFO  : Context for processor 'ps7_cortexa9_0' is selected.
18:51:06 INFO  : 'con' command is executed.
18:51:06 INFO  : ----------------XSDB Script (After Launch)----------------
targets -set -nocase -filter {name =~ "ARM*#0" && jtag_cable_name =~ "Digilent Zybo 210279655100A"} -index 0
con
----------------End of Script----------------

18:51:06 INFO  : Launch script is exported to file 'C:\Users\bwedemir\Desktop\Project_V0.2\Project_V0.2.sdk\.sdk\launch_scripts\xilinx_c-c++_application_(system_debugger)\system_debugger_using_debug_echo.elf_on_local.tcl'
18:52:38 INFO  : Disconnected from the channel tcfchan#10.
18:52:39 INFO  : 'targets -set -filter {jtag_cable_name =~ "Digilent Zybo 210279655100A" && level==0} -index 1' command is executed.
18:52:39 INFO  : 'fpga -state' command is executed.
18:52:39 INFO  : Connected to target on host '127.0.0.1' and port '3121'.
18:52:39 INFO  : Jtag cable 'Digilent Zybo 210279655100A' is selected.
18:52:39 INFO  : 'jtag frequency' command is executed.
18:52:39 INFO  : Sourcing of 'C:/Users/bwedemir/Desktop/Project_V0.2/Project_V0.2.sdk/design_1_wrapper_hw_platform_0/ps7_init.tcl' is done.
18:52:39 INFO  : Context for 'APU' is selected.
18:52:39 INFO  : 'stop' command is executed.
18:52:40 INFO  : 'ps7_init' command is executed.
18:52:40 INFO  : 'ps7_post_config' command is executed.
18:52:40 INFO  : Context for processor 'ps7_cortexa9_0' is selected.
18:52:40 INFO  : Processor reset is completed for 'ps7_cortexa9_0'.
18:52:40 INFO  : Context for processor 'ps7_cortexa9_0' is selected.
18:52:40 INFO  : The application 'C:/Users/bwedemir/Desktop/Project_V0.2/Project_V0.2.sdk/echo/Debug/echo.elf' is downloaded to processor 'ps7_cortexa9_0'.
18:52:40 INFO  : ----------------XSDB Script----------------
connect -url tcp:127.0.0.1:3121
source C:/Users/bwedemir/Desktop/Project_V0.2/Project_V0.2.sdk/design_1_wrapper_hw_platform_0/ps7_init.tcl
targets -set -nocase -filter {name =~"APU*" && jtag_cable_name =~ "Digilent Zybo 210279655100A"} -index 0
stop
ps7_init
ps7_post_config
targets -set -nocase -filter {name =~ "ARM*#0" && jtag_cable_name =~ "Digilent Zybo 210279655100A"} -index 0
rst -processor
targets -set -nocase -filter {name =~ "ARM*#0" && jtag_cable_name =~ "Digilent Zybo 210279655100A"} -index 0
dow C:/Users/bwedemir/Desktop/Project_V0.2/Project_V0.2.sdk/echo/Debug/echo.elf
----------------End of Script----------------

18:52:40 INFO  : Memory regions updated for context APU
18:52:40 INFO  : Context for processor 'ps7_cortexa9_0' is selected.
18:52:40 INFO  : 'con' command is executed.
18:52:40 INFO  : ----------------XSDB Script (After Launch)----------------
targets -set -nocase -filter {name =~ "ARM*#0" && jtag_cable_name =~ "Digilent Zybo 210279655100A"} -index 0
con
----------------End of Script----------------

18:52:40 INFO  : Launch script is exported to file 'C:\Users\bwedemir\Desktop\Project_V0.2\Project_V0.2.sdk\.sdk\launch_scripts\xilinx_c-c++_application_(system_debugger)\system_debugger_using_debug_echo.elf_on_local.tcl'
18:53:26 INFO  : Disconnected from the channel tcfchan#11.
18:53:27 INFO  : 'targets -set -filter {jtag_cable_name =~ "Digilent Zybo 210279655100A" && level==0} -index 1' command is executed.
18:53:27 INFO  : 'fpga -state' command is executed.
18:53:27 INFO  : Connected to target on host '127.0.0.1' and port '3121'.
18:53:27 INFO  : Jtag cable 'Digilent Zybo 210279655100A' is selected.
18:53:27 INFO  : 'jtag frequency' command is executed.
18:53:27 INFO  : Sourcing of 'C:/Users/bwedemir/Desktop/Project_V0.2/Project_V0.2.sdk/design_1_wrapper_hw_platform_0/ps7_init.tcl' is done.
18:53:27 INFO  : Context for 'APU' is selected.
18:53:27 INFO  : 'stop' command is executed.
18:53:27 INFO  : 'ps7_init' command is executed.
18:53:27 INFO  : 'ps7_post_config' command is executed.
18:53:27 INFO  : Context for processor 'ps7_cortexa9_0' is selected.
18:53:27 INFO  : Processor reset is completed for 'ps7_cortexa9_0'.
18:53:27 INFO  : Context for processor 'ps7_cortexa9_0' is selected.
18:53:28 INFO  : The application 'C:/Users/bwedemir/Desktop/Project_V0.2/Project_V0.2.sdk/echo/Debug/echo.elf' is downloaded to processor 'ps7_cortexa9_0'.
18:53:28 INFO  : ----------------XSDB Script----------------
connect -url tcp:127.0.0.1:3121
source C:/Users/bwedemir/Desktop/Project_V0.2/Project_V0.2.sdk/design_1_wrapper_hw_platform_0/ps7_init.tcl
targets -set -nocase -filter {name =~"APU*" && jtag_cable_name =~ "Digilent Zybo 210279655100A"} -index 0
stop
ps7_init
ps7_post_config
targets -set -nocase -filter {name =~ "ARM*#0" && jtag_cable_name =~ "Digilent Zybo 210279655100A"} -index 0
rst -processor
targets -set -nocase -filter {name =~ "ARM*#0" && jtag_cable_name =~ "Digilent Zybo 210279655100A"} -index 0
dow C:/Users/bwedemir/Desktop/Project_V0.2/Project_V0.2.sdk/echo/Debug/echo.elf
----------------End of Script----------------

18:53:28 INFO  : Memory regions updated for context APU
18:53:28 INFO  : Context for processor 'ps7_cortexa9_0' is selected.
18:53:28 INFO  : 'con' command is executed.
18:53:28 INFO  : ----------------XSDB Script (After Launch)----------------
targets -set -nocase -filter {name =~ "ARM*#0" && jtag_cable_name =~ "Digilent Zybo 210279655100A"} -index 0
con
----------------End of Script----------------

18:53:28 INFO  : Launch script is exported to file 'C:\Users\bwedemir\Desktop\Project_V0.2\Project_V0.2.sdk\.sdk\launch_scripts\xilinx_c-c++_application_(system_debugger)\system_debugger_using_debug_echo.elf_on_local.tcl'
19:03:11 INFO  : Disconnected from the channel tcfchan#12.
19:03:12 INFO  : 'targets -set -filter {jtag_cable_name =~ "Digilent Zybo 210279655100A" && level==0} -index 1' command is executed.
19:03:12 INFO  : 'fpga -state' command is executed.
19:03:12 INFO  : Connected to target on host '127.0.0.1' and port '3121'.
19:03:12 INFO  : Jtag cable 'Digilent Zybo 210279655100A' is selected.
19:03:12 INFO  : 'jtag frequency' command is executed.
19:03:12 INFO  : Sourcing of 'C:/Users/bwedemir/Desktop/Project_V0.2/Project_V0.2.sdk/design_1_wrapper_hw_platform_0/ps7_init.tcl' is done.
19:03:12 INFO  : Context for 'APU' is selected.
19:03:12 INFO  : 'stop' command is executed.
19:03:12 INFO  : 'ps7_init' command is executed.
19:03:12 INFO  : 'ps7_post_config' command is executed.
19:03:12 INFO  : Context for processor 'ps7_cortexa9_0' is selected.
19:03:12 INFO  : Processor reset is completed for 'ps7_cortexa9_0'.
19:03:12 INFO  : Context for processor 'ps7_cortexa9_0' is selected.
19:03:13 INFO  : The application 'C:/Users/bwedemir/Desktop/Project_V0.2/Project_V0.2.sdk/echo/Debug/echo.elf' is downloaded to processor 'ps7_cortexa9_0'.
19:03:13 INFO  : ----------------XSDB Script----------------
connect -url tcp:127.0.0.1:3121
source C:/Users/bwedemir/Desktop/Project_V0.2/Project_V0.2.sdk/design_1_wrapper_hw_platform_0/ps7_init.tcl
targets -set -nocase -filter {name =~"APU*" && jtag_cable_name =~ "Digilent Zybo 210279655100A"} -index 0
stop
ps7_init
ps7_post_config
targets -set -nocase -filter {name =~ "ARM*#0" && jtag_cable_name =~ "Digilent Zybo 210279655100A"} -index 0
rst -processor
targets -set -nocase -filter {name =~ "ARM*#0" && jtag_cable_name =~ "Digilent Zybo 210279655100A"} -index 0
dow C:/Users/bwedemir/Desktop/Project_V0.2/Project_V0.2.sdk/echo/Debug/echo.elf
----------------End of Script----------------

19:03:13 INFO  : Memory regions updated for context APU
19:03:13 INFO  : Context for processor 'ps7_cortexa9_0' is selected.
19:03:13 INFO  : 'con' command is executed.
19:03:13 INFO  : ----------------XSDB Script (After Launch)----------------
targets -set -nocase -filter {name =~ "ARM*#0" && jtag_cable_name =~ "Digilent Zybo 210279655100A"} -index 0
con
----------------End of Script----------------

19:03:13 INFO  : Launch script is exported to file 'C:\Users\bwedemir\Desktop\Project_V0.2\Project_V0.2.sdk\.sdk\launch_scripts\xilinx_c-c++_application_(system_debugger)\system_debugger_using_debug_echo.elf_on_local.tcl'
19:09:14 INFO  : Disconnected from the channel tcfchan#13.
19:09:15 INFO  : 'targets -set -filter {jtag_cable_name =~ "Digilent Zybo 210279655100A" && level==0} -index 1' command is executed.
19:09:15 INFO  : 'fpga -state' command is executed.
19:09:15 INFO  : Connected to target on host '127.0.0.1' and port '3121'.
19:09:16 INFO  : Jtag cable 'Digilent Zybo 210279655100A' is selected.
19:09:16 INFO  : 'jtag frequency' command is executed.
19:09:16 INFO  : Sourcing of 'C:/Users/bwedemir/Desktop/Project_V0.2/Project_V0.2.sdk/design_1_wrapper_hw_platform_0/ps7_init.tcl' is done.
19:09:16 INFO  : Context for 'APU' is selected.
19:09:16 INFO  : 'stop' command is executed.
19:09:16 INFO  : 'ps7_init' command is executed.
19:09:16 INFO  : 'ps7_post_config' command is executed.
19:09:16 INFO  : Context for processor 'ps7_cortexa9_0' is selected.
19:09:16 INFO  : Processor reset is completed for 'ps7_cortexa9_0'.
19:09:16 INFO  : Context for processor 'ps7_cortexa9_0' is selected.
19:09:16 INFO  : The application 'C:/Users/bwedemir/Desktop/Project_V0.2/Project_V0.2.sdk/echo/Debug/echo.elf' is downloaded to processor 'ps7_cortexa9_0'.
19:09:16 INFO  : ----------------XSDB Script----------------
connect -url tcp:127.0.0.1:3121
source C:/Users/bwedemir/Desktop/Project_V0.2/Project_V0.2.sdk/design_1_wrapper_hw_platform_0/ps7_init.tcl
targets -set -nocase -filter {name =~"APU*" && jtag_cable_name =~ "Digilent Zybo 210279655100A"} -index 0
stop
ps7_init
ps7_post_config
targets -set -nocase -filter {name =~ "ARM*#0" && jtag_cable_name =~ "Digilent Zybo 210279655100A"} -index 0
rst -processor
targets -set -nocase -filter {name =~ "ARM*#0" && jtag_cable_name =~ "Digilent Zybo 210279655100A"} -index 0
dow C:/Users/bwedemir/Desktop/Project_V0.2/Project_V0.2.sdk/echo/Debug/echo.elf
----------------End of Script----------------

19:09:16 INFO  : Memory regions updated for context APU
19:09:16 INFO  : Context for processor 'ps7_cortexa9_0' is selected.
19:09:16 INFO  : 'con' command is executed.
19:09:16 INFO  : ----------------XSDB Script (After Launch)----------------
targets -set -nocase -filter {name =~ "ARM*#0" && jtag_cable_name =~ "Digilent Zybo 210279655100A"} -index 0
con
----------------End of Script----------------

19:09:16 INFO  : Launch script is exported to file 'C:\Users\bwedemir\Desktop\Project_V0.2\Project_V0.2.sdk\.sdk\launch_scripts\xilinx_c-c++_application_(system_debugger)\system_debugger_using_debug_echo.elf_on_local.tcl'
19:09:48 INFO  : Disconnected from the channel tcfchan#14.
19:09:49 INFO  : 'targets -set -filter {jtag_cable_name =~ "Digilent Zybo 210279655100A" && level==0} -index 1' command is executed.
19:09:49 INFO  : 'fpga -state' command is executed.
19:09:49 INFO  : Connected to target on host '127.0.0.1' and port '3121'.
19:09:50 INFO  : Jtag cable 'Digilent Zybo 210279655100A' is selected.
19:09:50 INFO  : 'jtag frequency' command is executed.
19:09:50 INFO  : Sourcing of 'C:/Users/bwedemir/Desktop/Project_V0.2/Project_V0.2.sdk/design_1_wrapper_hw_platform_0/ps7_init.tcl' is done.
19:09:50 INFO  : Context for 'APU' is selected.
19:09:50 INFO  : 'stop' command is executed.
19:09:50 INFO  : 'ps7_init' command is executed.
19:09:50 INFO  : 'ps7_post_config' command is executed.
19:09:50 INFO  : Context for processor 'ps7_cortexa9_0' is selected.
19:09:50 INFO  : Processor reset is completed for 'ps7_cortexa9_0'.
19:09:50 INFO  : Context for processor 'ps7_cortexa9_0' is selected.
19:09:50 INFO  : The application 'C:/Users/bwedemir/Desktop/Project_V0.2/Project_V0.2.sdk/echo/Debug/echo.elf' is downloaded to processor 'ps7_cortexa9_0'.
19:09:50 INFO  : ----------------XSDB Script----------------
connect -url tcp:127.0.0.1:3121
source C:/Users/bwedemir/Desktop/Project_V0.2/Project_V0.2.sdk/design_1_wrapper_hw_platform_0/ps7_init.tcl
targets -set -nocase -filter {name =~"APU*" && jtag_cable_name =~ "Digilent Zybo 210279655100A"} -index 0
stop
ps7_init
ps7_post_config
targets -set -nocase -filter {name =~ "ARM*#0" && jtag_cable_name =~ "Digilent Zybo 210279655100A"} -index 0
rst -processor
targets -set -nocase -filter {name =~ "ARM*#0" && jtag_cable_name =~ "Digilent Zybo 210279655100A"} -index 0
dow C:/Users/bwedemir/Desktop/Project_V0.2/Project_V0.2.sdk/echo/Debug/echo.elf
----------------End of Script----------------

19:09:50 INFO  : Memory regions updated for context APU
19:09:50 INFO  : Context for processor 'ps7_cortexa9_0' is selected.
19:09:50 INFO  : 'con' command is executed.
19:09:50 INFO  : ----------------XSDB Script (After Launch)----------------
targets -set -nocase -filter {name =~ "ARM*#0" && jtag_cable_name =~ "Digilent Zybo 210279655100A"} -index 0
con
----------------End of Script----------------

19:09:50 INFO  : Launch script is exported to file 'C:\Users\bwedemir\Desktop\Project_V0.2\Project_V0.2.sdk\.sdk\launch_scripts\xilinx_c-c++_application_(system_debugger)\system_debugger_using_debug_echo.elf_on_local.tcl'
19:17:27 INFO  : Disconnected from the channel tcfchan#15.
19:17:28 INFO  : 'targets -set -filter {jtag_cable_name =~ "Digilent Zybo 210279655100A" && level==0} -index 1' command is executed.
19:17:28 INFO  : 'fpga -state' command is executed.
19:17:28 INFO  : Connected to target on host '127.0.0.1' and port '3121'.
19:17:28 INFO  : Jtag cable 'Digilent Zybo 210279655100A' is selected.
19:17:28 INFO  : 'jtag frequency' command is executed.
19:17:28 INFO  : Sourcing of 'C:/Users/bwedemir/Desktop/Project_V0.2/Project_V0.2.sdk/design_1_wrapper_hw_platform_0/ps7_init.tcl' is done.
19:17:28 INFO  : Context for 'APU' is selected.
19:17:28 INFO  : 'stop' command is executed.
19:17:29 INFO  : 'ps7_init' command is executed.
19:17:29 INFO  : 'ps7_post_config' command is executed.
19:17:29 INFO  : Context for processor 'ps7_cortexa9_0' is selected.
19:17:29 INFO  : Processor reset is completed for 'ps7_cortexa9_0'.
19:17:29 INFO  : Context for processor 'ps7_cortexa9_0' is selected.
19:17:29 INFO  : The application 'C:/Users/bwedemir/Desktop/Project_V0.2/Project_V0.2.sdk/echo/Debug/echo.elf' is downloaded to processor 'ps7_cortexa9_0'.
19:17:29 INFO  : ----------------XSDB Script----------------
connect -url tcp:127.0.0.1:3121
source C:/Users/bwedemir/Desktop/Project_V0.2/Project_V0.2.sdk/design_1_wrapper_hw_platform_0/ps7_init.tcl
targets -set -nocase -filter {name =~"APU*" && jtag_cable_name =~ "Digilent Zybo 210279655100A"} -index 0
stop
ps7_init
ps7_post_config
targets -set -nocase -filter {name =~ "ARM*#0" && jtag_cable_name =~ "Digilent Zybo 210279655100A"} -index 0
rst -processor
targets -set -nocase -filter {name =~ "ARM*#0" && jtag_cable_name =~ "Digilent Zybo 210279655100A"} -index 0
dow C:/Users/bwedemir/Desktop/Project_V0.2/Project_V0.2.sdk/echo/Debug/echo.elf
----------------End of Script----------------

19:17:29 INFO  : Memory regions updated for context APU
19:17:29 INFO  : Context for processor 'ps7_cortexa9_0' is selected.
19:17:29 INFO  : 'con' command is executed.
19:17:29 INFO  : ----------------XSDB Script (After Launch)----------------
targets -set -nocase -filter {name =~ "ARM*#0" && jtag_cable_name =~ "Digilent Zybo 210279655100A"} -index 0
con
----------------End of Script----------------

19:17:29 INFO  : Launch script is exported to file 'C:\Users\bwedemir\Desktop\Project_V0.2\Project_V0.2.sdk\.sdk\launch_scripts\xilinx_c-c++_application_(system_debugger)\system_debugger_using_debug_echo.elf_on_local.tcl'
19:45:15 INFO  : Disconnected from the channel tcfchan#16.
