
*** Running vivado
    with args -log design_1_xlconstant_0_0.vds -m64 -product Vivado -mode batch -messageDb vivado.pb -notrace -source design_1_xlconstant_0_0.tcl


****** Vivado v2017.1 (64-bit)
  **** SW Build 1846317 on Fri Apr 14 18:55:03 MDT 2017
  **** IP Build 1846188 on Fri Apr 14 20:52:08 MDT 2017
    ** Copyright 1986-2017 Xilinx, Inc. All Rights Reserved.

source design_1_xlconstant_0_0.tcl -notrace
Starting RTL Elaboration : Time (s): cpu = 00:00:02 ; elapsed = 00:00:03 . Memory (MB): peak = 392.395 ; gain = 81.402
INFO: [Synth 8-638] synthesizing module 'design_1_xlconstant_0_0' [c:/Users/bwedemir/Desktop/ECE4261Project/ECE4261_Project-UDP2018-11-26-back/ECE4261_Project-UDP/Project_V0.2.srcs/sources_1/bd/design_1/ip/design_1_xlconstant_0_0/synth/design_1_xlconstant_0_0.v:57]
INFO: [Synth 8-638] synthesizing module 'xlconstant_v1_1_3_xlconstant' [c:/Users/bwedemir/Desktop/ECE4261Project/ECE4261_Project-UDP2018-11-26-back/ECE4261_Project-UDP/Project_V0.2.srcs/sources_1/bd/design_1/ipshared/45df/hdl/xlconstant_v1_1_vl_rfs.v:23]
INFO: [Synth 8-256] done synthesizing module 'xlconstant_v1_1_3_xlconstant' (1#1) [c:/Users/bwedemir/Desktop/ECE4261Project/ECE4261_Project-UDP2018-11-26-back/ECE4261_Project-UDP/Project_V0.2.srcs/sources_1/bd/design_1/ipshared/45df/hdl/xlconstant_v1_1_vl_rfs.v:23]
INFO: [Synth 8-256] done synthesizing module 'design_1_xlconstant_0_0' (2#1) [c:/Users/bwedemir/Desktop/ECE4261Project/ECE4261_Project-UDP2018-11-26-back/ECE4261_Project-UDP/Project_V0.2.srcs/sources_1/bd/design_1/ip/design_1_xlconstant_0_0/synth/design_1_xlconstant_0_0.v:57]
Finished RTL Elaboration : Time (s): cpu = 00:00:03 ; elapsed = 00:00:04 . Memory (MB): peak = 432.723 ; gain = 121.730
Finished RTL Optimization Phase 1 : Time (s): cpu = 00:00:03 ; elapsed = 00:00:04 . Memory (MB): peak = 432.723 ; gain = 121.730
INFO: [Device 21-403] Loading part xc7z010clg400-1
Constraint Validation Runtime : Time (s): cpu = 00:00:00 ; elapsed = 00:00:00.079 . Memory (MB): peak = 630.410 ; gain = 0.000
Finished Constraint Validation : Time (s): cpu = 00:00:10 ; elapsed = 00:00:15 . Memory (MB): peak = 630.410 ; gain = 319.418
Finished Loading Part and Timing Information : Time (s): cpu = 00:00:10 ; elapsed = 00:00:15 . Memory (MB): peak = 630.410 ; gain = 319.418
Finished applying 'set_property' XDC Constraints : Time (s): cpu = 00:00:10 ; elapsed = 00:00:15 . Memory (MB): peak = 630.410 ; gain = 319.418
Finished RTL Optimization Phase 2 : Time (s): cpu = 00:00:10 ; elapsed = 00:00:15 . Memory (MB): peak = 630.410 ; gain = 319.418
Finished Cross Boundary and Area Optimization : Time (s): cpu = 00:00:10 ; elapsed = 00:00:15 . Memory (MB): peak = 630.410 ; gain = 319.418
Finished Applying XDC Timing Constraints : Time (s): cpu = 00:00:18 ; elapsed = 00:00:23 . Memory (MB): peak = 676.395 ; gain = 365.402
Finished Timing Optimization : Time (s): cpu = 00:00:18 ; elapsed = 00:00:23 . Memory (MB): peak = 676.395 ; gain = 365.402
Finished Technology Mapping : Time (s): cpu = 00:00:18 ; elapsed = 00:00:23 . Memory (MB): peak = 686.535 ; gain = 375.543
Finished IO Insertion : Time (s): cpu = 00:00:18 ; elapsed = 00:00:23 . Memory (MB): peak = 686.535 ; gain = 375.543
Finished Renaming Generated Instances : Time (s): cpu = 00:00:18 ; elapsed = 00:00:23 . Memory (MB): peak = 686.535 ; gain = 375.543
Finished Rebuilding User Hierarchy : Time (s): cpu = 00:00:18 ; elapsed = 00:00:23 . Memory (MB): peak = 686.535 ; gain = 375.543
Finished Renaming Generated Ports : Time (s): cpu = 00:00:18 ; elapsed = 00:00:23 . Memory (MB): peak = 686.535 ; gain = 375.543
Finished Handling Custom Attributes : Time (s): cpu = 00:00:18 ; elapsed = 00:00:23 . Memory (MB): peak = 686.535 ; gain = 375.543
Finished Renaming Generated Nets : Time (s): cpu = 00:00:18 ; elapsed = 00:00:23 . Memory (MB): peak = 686.535 ; gain = 375.543

Report Cell Usage: 
+-+-----+------+
| |Cell |Count |
+-+-----+------+
+-+-----+------+
Finished Writing Synthesis Report : Time (s): cpu = 00:00:18 ; elapsed = 00:00:23 . Memory (MB): peak = 686.535 ; gain = 375.543
synth_design: Time (s): cpu = 00:00:20 ; elapsed = 00:00:25 . Memory (MB): peak = 703.129 ; gain = 392.137
